#
# A fatal error has been detected by the Java Runtime Environment:
#
#  EXCEPTION_ACCESS_VIOLATION (0xc0000005) at pc=0x000002a0d7a3112d, pid=3820, tid=3728
#
# JRE version: OpenJDK Runtime Environment Corretto-11.0.22.7.1 (11.0.22+7) (build 11.0.22+7-LTS)
# Java VM: OpenJDK 64-Bit Server VM Corretto-11.0.22.7.1 (11.0.22+7-LTS, mixed mode, tiered, compressed oops, g1 gc, windows-amd64)
# Problematic frame:
# v  ~StubRoutines::get_previous_fp
#
# No core dump will be written. Minidumps are not enabled by default on client versions of Windows
#
# If you would like to submit a bug report, please visit:
#   https://github.com/corretto/corretto-11/issues/
#

---------------  S U M M A R Y ------------

Command Line: -javaagent:C:\\Users\\Юлия\\.m2\\repository\\org\\jacoco\\org.jacoco.agent\\0.8.5\\org.jacoco.agent-0.8.5-runtime.jar=destfile=C:\\Users\\Юлия\\Desktop\\Percents100\\target\\jacoco.exec C:\Users\0E3B~1\AppData\Local\Temp\surefire6314555336627608769\surefirebooter9007119652073256492.jar C:\Users\Юлия\AppData\Local\Temp\surefire6314555336627608769 2024-03-18T19-43-00_987-jvmRun1 surefire10519029133960183149tmp surefire_01110471203655599531tmp

Host: Intel(R) Core(TM) i3-4005U CPU @ 1.70GHz, 4 cores, 5G,  Windows 10 , 64 bit Build 19041 (10.0.19041.3636)
Time: Mon Mar 18 19:43:05 2024 RTZ 2 (s 10 , 64 bit Build 19041 (10.0.19041.3636) elapsed time: 0.736813 seconds (0d 0h 0m 0s)

---------------  T H R E A D  ---------------

Current thread (0x000002a0cdacf000):  JavaThread "main" [_thread_in_vm, id=3728, stack(0x000000d6af200000,0x000000d6af300000)]

Stack: [0x000000d6af200000,0x000000d6af300000],  sp=0x000000d6af2ff430,  free space=1021k
Native frames: (J=compiled Java code, j=interpreted, Vv=VM code, C=native code)
C  0x000002a0d7a3112d


siginfo: EXCEPTION_ACCESS_VIOLATION (0xc0000005), reading address 0x00000000000003d8


Register to memory mapping:

RIP=0x000002a0d7a3112d is at begin+8 in a stub
StubRoutines::get_previous_fp [0x000002a0d7a31125, 0x000002a0d7a31132[ (13 bytes)
RAX=0x00000000000003d8 is an unknown value
RBX=0x000000d6af2ff4d0 is pointing into the stack for thread: 0x000002a0cdacf000
RCX=0x000000d6af2ff4d0 is pointing into the stack for thread: 0x000002a0cdacf000
RDX=0x0 is NULL
RSP=0x000000d6af2ff430 is pointing into the stack for thread: 0x000002a0cdacf000
RBP=0x000000d6af2ff430 is pointing into the stack for thread: 0x000002a0cdacf000
RSI=0x0 is NULL
RDI=0x000002a0cdacf000 is a thread
R8 =0x000000d6af2ff3a8 is pointing into the stack for thread: 0x000002a0cdacf000
R9 =0x0000000000000001 is an unknown value
R10=0x0 is NULL
R11=0x000000d6af2ff460 is pointing into the stack for thread: 0x000002a0cdacf000
R12=0x000002a0cdacff28 points into unknown readable memory: 0x0803c8f8993f40fa | fa 40 3f 99 f8 c8 03 08
R13=0x000002a0ecf0dcd8 points into unknown readable memory: 0x000002a0cd963850 | 50 38 96 cd a0 02 00 00
R14=0x000002a0ed9ae560 points into unknown readable memory: 0x000002a0ecf43000 | 00 30 f4 ec a0 02 00 00
R15=0x000002a0cdacfb50 points into unknown readable memory: 0x0072006f006d0020 | 20 00 6d 00 6f 00 72 00


Registers:
RAX=0x00000000000003d8, RBX=0x000000d6af2ff4d0, RCX=0x000000d6af2ff4d0, RDX=0x0000000000000000
RSP=0x000000d6af2ff430, RBP=0x000000d6af2ff430, RSI=0x0000000000000000, RDI=0x000002a0cdacf000
R8 =0x000000d6af2ff3a8, R9 =0x0000000000000001, R10=0x0000000000000000, R11=0x000000d6af2ff460
R12=0x000002a0cdacff28, R13=0x000002a0ecf0dcd8, R14=0x000002a0ed9ae560, R15=0x000002a0cdacfb50
RIP=0x000002a0d7a3112d, EFLAGS=0x0000000000010202

Top of Stack: (sp=0x000000d6af2ff430)
0x000000d6af2ff430:   00000000000003d8 00007ffce11e5376
0x000000d6af2ff440:   00000000000000af 000000d6af2ff530
0x000000d6af2ff450:   00007ffd1f1782d0 00007ffd267db3e4
0x000000d6af2ff460:   000002a0cdacfb40 00007ffce0c6232c
0x000000d6af2ff470:   000002a0cdacf000 000002a0cd960170
0x000000d6af2ff480:   00000000000007d0 0000000000007fd8
0x000000d6af2ff490:   000002a0cdacf000 00007ffce1339301
0x000000d6af2ff4a0:   000002a0cd960170 000002a0cdacfb40
0x000000d6af2ff4b0:   000002a0cdacfb40 000002a0ecec2bd8
0x000000d6af2ff4c0:   000002a0cdac1b38 00007ffd1f17148c
0x000000d6af2ff4d0:   0000000000000000 0000000000000024
0x000000d6af2ff4e0:   00007ffd1f1782d0 000000d6af2ff530
0x000000d6af2ff4f0:   00007ffd268af540 0000000000000000
0x000000d6af2ff500:   00005c5344cabc3a 00007ffd1f177ae0
0x000000d6af2ff510:   000002a0cdacf000 00007ffce11e7ac0
0x000000d6af2ff520:   000002a0cdacf348 00007ffd1f1782d0 

Instructions: (pc=0x000002a0d7a3112d)
0x000002a0d7a3102d:   84 83 00 00 00 83 fa 07 0f 84 80 00 00 00 89 01
0x000002a0d7a3103d:   48 8d a5 28 fe ff ff c5 fa 6f 75 b8 c5 fa 6f 7d
0x000002a0d7a3104d:   a8 c5 7a 6f 45 98 c5 7a 6f 4d 88 c5 7a 6f 95 78
0x000002a0d7a3105d:   ff ff ff c5 7a 6f 9d 68 ff ff ff c5 7a 6f a5 58
0x000002a0d7a3106d:   ff ff ff c5 7a 6f ad 48 ff ff ff c5 7a 6f b5 38
0x000002a0d7a3107d:   ff ff ff c5 7a 6f bd 28 ff ff ff 4c 8b 7d c8 4c
0x000002a0d7a3108d:   8b 75 d0 4c 8b 6d d8 4c 8b 65 e0 48 8b 5d f8 48
0x000002a0d7a3109d:   8b 7d e8 48 8b 75 f0 48 81 c4 d8 01 00 00 c5 f8
0x000002a0d7a310ad:   77 5d c3 48 89 01 eb 88 c5 fa 11 01 eb 82 c5 fb
0x000002a0d7a310bd:   11 01 e9 79 ff ff ff 49 89 47 08 49 ba a0 53 4e
0x000002a0d7a310cd:   e1 fc 7f 00 00 4d 89 57 10 41 c7 47 18 da 01 00
0x000002a0d7a310dd:   00 e9 2d ff ff ff 8b c1 87 02 c3 48 8b c1 48 87
0x000002a0d7a310ed:   02 c3 41 8b c0 f0 0f b1 0a c3 49 0f be c0 f0 0f
0x000002a0d7a310fd:   b0 0a c3 49 8b c0 f0 48 0f b1 0a c3 8b c1 f0 0f
0x000002a0d7a3110d:   c1 0a 03 c1 c3 48 8b c1 f0 48 0f c1 0a 48 03 c1
0x000002a0d7a3111d:   c3 f0 83 44 24 c0 00 c3 55 48 8b ec 48 8b 45 00
0x000002a0d7a3112d:   48 8b 00 5d c3 48 8b c4 48 83 c0 08 c3 c3 0f 1f
0x000002a0d7a3113d:   44 00 00 55 48 8b ec 49 b9 30 05 64 e1 fc 7f 00
0x000002a0d7a3114d:   00 f7 d1 41 83 f8 10 0f 8c 38 02 00 00 44 8b da
0x000002a0d7a3115d:   41 83 e3 0f 74 23 41 83 eb 10 45 03 c3 66 90 0f
0x000002a0d7a3116d:   be 02 33 c1 81 e0 ff 00 00 00 c1 e9 08 41 33 0c
0x000002a0d7a3117d:   81 48 ff c2 41 ff c3 7c e6 45 8b d8 41 c1 e8 04
0x000002a0d7a3118d:   0f 84 fc 01 00 00 c5 f9 6f 0a c5 f9 7e c8 33 c8
0x000002a0d7a3119d:   c4 e3 71 22 c9 00 48 83 c2 10 41 83 e8 04 0f 8c
0x000002a0d7a311ad:   d7 00 00 00 c5 f9 6f 12 c5 f9 6f 5a 10 c5 f9 6f
0x000002a0d7a311bd:   62 20 48 83 c2 30 41 83 e8 03 0f 8e 70 00 00 00
0x000002a0d7a311cd:   49 ba 20 05 64 e1 fc 7f 00 00 c4 c1 7a 6f 02 0f
0x000002a0d7a311dd:   1f 40 00 c4 e3 79 44 e9 11 c4 e3 79 44 c9 00 c5
0x000002a0d7a311ed:   f1 ef 0a c5 f1 ef cd c4 e3 79 44 ea 11 c4 e3 79
0x000002a0d7a311fd:   44 d2 00 c5 e9 ef 52 10 c5 e9 ef d5 c4 e3 79 44
0x000002a0d7a3120d:   eb 11 c4 e3 79 44 db 00 c5 e1 ef 5a 20 c5 e1 ef
0x000002a0d7a3121d:   dd c4 e3 79 44 ec 11 c4 e3 79 44 e4 00 c5 d9 ef 


Stack slot to memory mapping:
stack at sp + 0 slots: 0x00000000000003d8 is an unknown value
stack at sp + 1 slots: 0x00007ffce11e5376 jvm.dll
stack at sp + 2 slots: 0x00000000000000af is an unknown value
stack at sp + 3 slots: 0x000000d6af2ff530 is pointing into the stack for thread: 0x000002a0cdacf000
stack at sp + 4 slots: 0x00007ffd1f1782d0 instrument.dll
stack at sp + 5 slots: 0x00007ffd267db3e4 ucrtbase.dll
stack at sp + 6 slots: 0x000002a0cdacfb40 points into unknown readable memory: 0x000002a0ed9ae550 | 50 e5 9a ed a0 02 00 00
stack at sp + 7 slots: 0x00007ffce0c6232c jvm.dll

StubRoutines::get_previous_fp [0x000002a0d7a31125, 0x000002a0d7a31132[ (13 bytes)
---------------  P R O C E S S  ---------------

Threads class SMR info:
_java_thread_list=0x000002a0edbe5ad0, length=10, elements={
0x000002a0cdacf000, 0x000002a0ecf02000, 0x000002a0ecf0c000, 0x000002a0ecf1e800,
0x000002a0ecf1f800, 0x000002a0ecf22000, 0x000002a0ecf27000, 0x000002a0ecf2c000,
0x000002a0ecf2d800, 0x000002a0cdb8e000
}

Java Threads: ( => current thread )
=>0x000002a0cdacf000 JavaThread "main" [_thread_in_vm, id=3728, stack(0x000000d6af200000,0x000000d6af300000)]
  0x000002a0ecf02000 JavaThread "Reference Handler" daemon [_thread_blocked, id=2260, stack(0x000000d6af900000,0x000000d6afa00000)]
  0x000002a0ecf0c000 JavaThread "Finalizer" daemon [_thread_blocked, id=792, stack(0x000000d6afa00000,0x000000d6afb00000)]
  0x000002a0ecf1e800 JavaThread "Signal Dispatcher" daemon [_thread_blocked, id=13216, stack(0x000000d6afb00000,0x000000d6afc00000)]
  0x000002a0ecf1f800 JavaThread "Attach Listener" daemon [_thread_blocked, id=6896, stack(0x000000d6afc00000,0x000000d6afd00000)]
  0x000002a0ecf22000 JavaThread "Service Thread" daemon [_thread_blocked, id=14008, stack(0x000000d6afd00000,0x000000d6afe00000)]
  0x000002a0ecf27000 JavaThread "C2 CompilerThread0" daemon [_thread_blocked, id=10556, stack(0x000000d6afe00000,0x000000d6aff00000)]
  0x000002a0ecf2c000 JavaThread "C1 CompilerThread0" daemon [_thread_blocked, id=3980, stack(0x000000d6aff00000,0x000000d6b0000000)]
  0x000002a0ecf2d800 JavaThread "Sweeper thread" daemon [_thread_blocked, id=2964, stack(0x000000d6b0000000,0x000000d6b0100000)]
  0x000002a0cdb8e000 JavaThread "Common-Cleaner" daemon [_thread_blocked, id=8468, stack(0x000000d6b0100000,0x000000d6b0200000)]

Other Threads:
  0x000002a0ecedd800 VMThread "VM Thread" [stack: 0x000000d6af800000,0x000000d6af900000] [id=12392]
  0x000002a0cdae7800 GCTaskThread "GC Thread#0" [stack: 0x000000d6af300000,0x000000d6af400000] [id=12880]
  0x000002a0cdb0d800 ConcurrentGCThread "G1 Main Marker" [stack: 0x000000d6af400000,0x000000d6af500000] [id=8180]
  0x000002a0cdb10000 ConcurrentGCThread "G1 Conc#0" [stack: 0x000000d6af500000,0x000000d6af600000] [id=8088]
  0x000002a0cdb82000 ConcurrentGCThread "G1 Refine#0" [stack: 0x000000d6af600000,0x000000d6af700000] [id=8564]
  0x000002a0cdb83800 ConcurrentGCThread "G1 Young RemSet Sampling" [stack: 0x000000d6af700000,0x000000d6af800000] [id=744]

Threads with active compile tasks:

VM state:not at safepoint (normal execution)

VM Mutex/Monitor currently owned by a thread: None

Heap address: 0x00000000a1200000, size: 1518 MB, Compressed Oops mode: 32-bit
Narrow klass base: 0x0000000000000000, Narrow klass shift: 3
Compressed class space size: 1073741824 Address: 0x0000000100000000

Heap:
 garbage-first heap   total 98304K, used 2048K [0x00000000a1200000, 0x0000000100000000)
  region size 1024K, 3 young (3072K), 0 survivors (0K)
 Metaspace       used 6699K, capacity 6850K, committed 7168K, reserved 1056768K
  class space    used 582K, capacity 643K, committed 768K, reserved 1048576K
Heap Regions: E=young(eden), S=young(survivor), O=old, HS=humongous(starts), HC=humongous(continues), CS=collection set, F=free, A=archive, TAMS=top-at-mark-start (previous, next)
|   0|0x00000000a1200000, 0x00000000a1200000, 0x00000000a1300000|  0%| F|  |TAMS 0x00000000a1200000, 0x00000000a1200000| Untracked 
|   1|0x00000000a1300000, 0x00000000a1300000, 0x00000000a1400000|  0%| F|  |TAMS 0x00000000a1300000, 0x00000000a1300000| Untracked 
|   2|0x00000000a1400000, 0x00000000a1400000, 0x00000000a1500000|  0%| F|  |TAMS 0x00000000a1400000, 0x00000000a1400000| Untracked 
|   3|0x00000000a1500000, 0x00000000a1500000, 0x00000000a1600000|  0%| F|  |TAMS 0x00000000a1500000, 0x00000000a1500000| Untracked 
|   4|0x00000000a1600000, 0x00000000a1600000, 0x00000000a1700000|  0%| F|  |TAMS 0x00000000a1600000, 0x00000000a1600000| Untracked 
|   5|0x00000000a1700000, 0x00000000a1700000, 0x00000000a1800000|  0%| F|  |TAMS 0x00000000a1700000, 0x00000000a1700000| Untracked 
|   6|0x00000000a1800000, 0x00000000a1800000, 0x00000000a1900000|  0%| F|  |TAMS 0x00000000a1800000, 0x00000000a1800000| Untracked 
|   7|0x00000000a1900000, 0x00000000a1900000, 0x00000000a1a00000|  0%| F|  |TAMS 0x00000000a1900000, 0x00000000a1900000| Untracked 
|   8|0x00000000a1a00000, 0x00000000a1a00000, 0x00000000a1b00000|  0%| F|  |TAMS 0x00000000a1a00000, 0x00000000a1a00000| Untracked 
|   9|0x00000000a1b00000, 0x00000000a1b00000, 0x00000000a1c00000|  0%| F|  |TAMS 0x00000000a1b00000, 0x00000000a1b00000| Untracked 
|  10|0x00000000a1c00000, 0x00000000a1c00000, 0x00000000a1d00000|  0%| F|  |TAMS 0x00000000a1c00000, 0x00000000a1c00000| Untracked 
|  11|0x00000000a1d00000, 0x00000000a1d00000, 0x00000000a1e00000|  0%| F|  |TAMS 0x00000000a1d00000, 0x00000000a1d00000| Untracked 
|  12|0x00000000a1e00000, 0x00000000a1e00000, 0x00000000a1f00000|  0%| F|  |TAMS 0x00000000a1e00000, 0x00000000a1e00000| Untracked 
|  13|0x00000000a1f00000, 0x00000000a1f00000, 0x00000000a2000000|  0%| F|  |TAMS 0x00000000a1f00000, 0x00000000a1f00000| Untracked 
|  14|0x00000000a2000000, 0x00000000a2000000, 0x00000000a2100000|  0%| F|  |TAMS 0x00000000a2000000, 0x00000000a2000000| Untracked 
|  15|0x00000000a2100000, 0x00000000a2100000, 0x00000000a2200000|  0%| F|  |TAMS 0x00000000a2100000, 0x00000000a2100000| Untracked 
|  16|0x00000000a2200000, 0x00000000a2200000, 0x00000000a2300000|  0%| F|  |TAMS 0x00000000a2200000, 0x00000000a2200000| Untracked 
|  17|0x00000000a2300000, 0x00000000a2300000, 0x00000000a2400000|  0%| F|  |TAMS 0x00000000a2300000, 0x00000000a2300000| Untracked 
|  18|0x00000000a2400000, 0x00000000a2400000, 0x00000000a2500000|  0%| F|  |TAMS 0x00000000a2400000, 0x00000000a2400000| Untracked 
|  19|0x00000000a2500000, 0x00000000a2500000, 0x00000000a2600000|  0%| F|  |TAMS 0x00000000a2500000, 0x00000000a2500000| Untracked 
|  20|0x00000000a2600000, 0x00000000a2600000, 0x00000000a2700000|  0%| F|  |TAMS 0x00000000a2600000, 0x00000000a2600000| Untracked 
|  21|0x00000000a2700000, 0x00000000a2700000, 0x00000000a2800000|  0%| F|  |TAMS 0x00000000a2700000, 0x00000000a2700000| Untracked 
|  22|0x00000000a2800000, 0x00000000a2800000, 0x00000000a2900000|  0%| F|  |TAMS 0x00000000a2800000, 0x00000000a2800000| Untracked 
|  23|0x00000000a2900000, 0x00000000a2900000, 0x00000000a2a00000|  0%| F|  |TAMS 0x00000000a2900000, 0x00000000a2900000| Untracked 
|  24|0x00000000a2a00000, 0x00000000a2a00000, 0x00000000a2b00000|  0%| F|  |TAMS 0x00000000a2a00000, 0x00000000a2a00000| Untracked 
|  25|0x00000000a2b00000, 0x00000000a2b00000, 0x00000000a2c00000|  0%| F|  |TAMS 0x00000000a2b00000, 0x00000000a2b00000| Untracked 
|  26|0x00000000a2c00000, 0x00000000a2c00000, 0x00000000a2d00000|  0%| F|  |TAMS 0x00000000a2c00000, 0x00000000a2c00000| Untracked 
|  27|0x00000000a2d00000, 0x00000000a2d00000, 0x00000000a2e00000|  0%| F|  |TAMS 0x00000000a2d00000, 0x00000000a2d00000| Untracked 
|  28|0x00000000a2e00000, 0x00000000a2e00000, 0x00000000a2f00000|  0%| F|  |TAMS 0x00000000a2e00000, 0x00000000a2e00000| Untracked 
|  29|0x00000000a2f00000, 0x00000000a2f00000, 0x00000000a3000000|  0%| F|  |TAMS 0x00000000a2f00000, 0x00000000a2f00000| Untracked 
|  30|0x00000000a3000000, 0x00000000a3000000, 0x00000000a3100000|  0%| F|  |TAMS 0x00000000a3000000, 0x00000000a3000000| Untracked 
|  31|0x00000000a3100000, 0x00000000a3100000, 0x00000000a3200000|  0%| F|  |TAMS 0x00000000a3100000, 0x00000000a3100000| Untracked 
|  32|0x00000000a3200000, 0x00000000a3200000, 0x00000000a3300000|  0%| F|  |TAMS 0x00000000a3200000, 0x00000000a3200000| Untracked 
|  33|0x00000000a3300000, 0x00000000a3300000, 0x00000000a3400000|  0%| F|  |TAMS 0x00000000a3300000, 0x00000000a3300000| Untracked 
|  34|0x00000000a3400000, 0x00000000a3400000, 0x00000000a3500000|  0%| F|  |TAMS 0x00000000a3400000, 0x00000000a3400000| Untracked 
|  35|0x00000000a3500000, 0x00000000a3500000, 0x00000000a3600000|  0%| F|  |TAMS 0x00000000a3500000, 0x00000000a3500000| Untracked 
|  36|0x00000000a3600000, 0x00000000a3600000, 0x00000000a3700000|  0%| F|  |TAMS 0x00000000a3600000, 0x00000000a3600000| Untracked 
|  37|0x00000000a3700000, 0x00000000a3700000, 0x00000000a3800000|  0%| F|  |TAMS 0x00000000a3700000, 0x00000000a3700000| Untracked 
|  38|0x00000000a3800000, 0x00000000a3800000, 0x00000000a3900000|  0%| F|  |TAMS 0x00000000a3800000, 0x00000000a3800000| Untracked 
|  39|0x00000000a3900000, 0x00000000a3900000, 0x00000000a3a00000|  0%| F|  |TAMS 0x00000000a3900000, 0x00000000a3900000| Untracked 
|  40|0x00000000a3a00000, 0x00000000a3a00000, 0x00000000a3b00000|  0%| F|  |TAMS 0x00000000a3a00000, 0x00000000a3a00000| Untracked 
|  41|0x00000000a3b00000, 0x00000000a3b00000, 0x00000000a3c00000|  0%| F|  |TAMS 0x00000000a3b00000, 0x00000000a3b00000| Untracked 
|  42|0x00000000a3c00000, 0x00000000a3c00000, 0x00000000a3d00000|  0%| F|  |TAMS 0x00000000a3c00000, 0x00000000a3c00000| Untracked 
|  43|0x00000000a3d00000, 0x00000000a3d00000, 0x00000000a3e00000|  0%| F|  |TAMS 0x00000000a3d00000, 0x00000000a3d00000| Untracked 
|  44|0x00000000a3e00000, 0x00000000a3e00000, 0x00000000a3f00000|  0%| F|  |TAMS 0x00000000a3e00000, 0x00000000a3e00000| Untracked 
|  45|0x00000000a3f00000, 0x00000000a3f00000, 0x00000000a4000000|  0%| F|  |TAMS 0x00000000a3f00000, 0x00000000a3f00000| Untracked 
|  46|0x00000000a4000000, 0x00000000a4000000, 0x00000000a4100000|  0%| F|  |TAMS 0x00000000a4000000, 0x00000000a4000000| Untracked 
|  47|0x00000000a4100000, 0x00000000a4100000, 0x00000000a4200000|  0%| F|  |TAMS 0x00000000a4100000, 0x00000000a4100000| Untracked 
|  48|0x00000000a4200000, 0x00000000a4200000, 0x00000000a4300000|  0%| F|  |TAMS 0x00000000a4200000, 0x00000000a4200000| Untracked 
|  49|0x00000000a4300000, 0x00000000a4300000, 0x00000000a4400000|  0%| F|  |TAMS 0x00000000a4300000, 0x00000000a4300000| Untracked 
|  50|0x00000000a4400000, 0x00000000a4400000, 0x00000000a4500000|  0%| F|  |TAMS 0x00000000a4400000, 0x00000000a4400000| Untracked 
|  51|0x00000000a4500000, 0x00000000a4500000, 0x00000000a4600000|  0%| F|  |TAMS 0x00000000a4500000, 0x00000000a4500000| Untracked 
|  52|0x00000000a4600000, 0x00000000a4600000, 0x00000000a4700000|  0%| F|  |TAMS 0x00000000a4600000, 0x00000000a4600000| Untracked 
|  53|0x00000000a4700000, 0x00000000a4700000, 0x00000000a4800000|  0%| F|  |TAMS 0x00000000a4700000, 0x00000000a4700000| Untracked 
|  54|0x00000000a4800000, 0x00000000a4800000, 0x00000000a4900000|  0%| F|  |TAMS 0x00000000a4800000, 0x00000000a4800000| Untracked 
|  55|0x00000000a4900000, 0x00000000a4900000, 0x00000000a4a00000|  0%| F|  |TAMS 0x00000000a4900000, 0x00000000a4900000| Untracked 
|  56|0x00000000a4a00000, 0x00000000a4a00000, 0x00000000a4b00000|  0%| F|  |TAMS 0x00000000a4a00000, 0x00000000a4a00000| Untracked 
|  57|0x00000000a4b00000, 0x00000000a4b00000, 0x00000000a4c00000|  0%| F|  |TAMS 0x00000000a4b00000, 0x00000000a4b00000| Untracked 
|  58|0x00000000a4c00000, 0x00000000a4c00000, 0x00000000a4d00000|  0%| F|  |TAMS 0x00000000a4c00000, 0x00000000a4c00000| Untracked 
|  59|0x00000000a4d00000, 0x00000000a4d00000, 0x00000000a4e00000|  0%| F|  |TAMS 0x00000000a4d00000, 0x00000000a4d00000| Untracked 
|  60|0x00000000a4e00000, 0x00000000a4e00000, 0x00000000a4f00000|  0%| F|  |TAMS 0x00000000a4e00000, 0x00000000a4e00000| Untracked 
|  61|0x00000000a4f00000, 0x00000000a4f00000, 0x00000000a5000000|  0%| F|  |TAMS 0x00000000a4f00000, 0x00000000a4f00000| Untracked 
|  62|0x00000000a5000000, 0x00000000a5000000, 0x00000000a5100000|  0%| F|  |TAMS 0x00000000a5000000, 0x00000000a5000000| Untracked 
|  63|0x00000000a5100000, 0x00000000a5100000, 0x00000000a5200000|  0%| F|  |TAMS 0x00000000a5100000, 0x00000000a5100000| Untracked 
|  64|0x00000000a5200000, 0x00000000a5200000, 0x00000000a5300000|  0%| F|  |TAMS 0x00000000a5200000, 0x00000000a5200000| Untracked 
|  65|0x00000000a5300000, 0x00000000a5300000, 0x00000000a5400000|  0%| F|  |TAMS 0x00000000a5300000, 0x00000000a5300000| Untracked 
|  66|0x00000000a5400000, 0x00000000a5400000, 0x00000000a5500000|  0%| F|  |TAMS 0x00000000a5400000, 0x00000000a5400000| Untracked 
|  67|0x00000000a5500000, 0x00000000a5500000, 0x00000000a5600000|  0%| F|  |TAMS 0x00000000a5500000, 0x00000000a5500000| Untracked 
|  68|0x00000000a5600000, 0x00000000a5600000, 0x00000000a5700000|  0%| F|  |TAMS 0x00000000a5600000, 0x00000000a5600000| Untracked 
|  69|0x00000000a5700000, 0x00000000a5700000, 0x00000000a5800000|  0%| F|  |TAMS 0x00000000a5700000, 0x00000000a5700000| Untracked 
|  70|0x00000000a5800000, 0x00000000a5800000, 0x00000000a5900000|  0%| F|  |TAMS 0x00000000a5800000, 0x00000000a5800000| Untracked 
|  71|0x00000000a5900000, 0x00000000a5900000, 0x00000000a5a00000|  0%| F|  |TAMS 0x00000000a5900000, 0x00000000a5900000| Untracked 
|  72|0x00000000a5a00000, 0x00000000a5a00000, 0x00000000a5b00000|  0%| F|  |TAMS 0x00000000a5a00000, 0x00000000a5a00000| Untracked 
|  73|0x00000000a5b00000, 0x00000000a5b00000, 0x00000000a5c00000|  0%| F|  |TAMS 0x00000000a5b00000, 0x00000000a5b00000| Untracked 
|  74|0x00000000a5c00000, 0x00000000a5c00000, 0x00000000a5d00000|  0%| F|  |TAMS 0x00000000a5c00000, 0x00000000a5c00000| Untracked 
|  75|0x00000000a5d00000, 0x00000000a5d00000, 0x00000000a5e00000|  0%| F|  |TAMS 0x00000000a5d00000, 0x00000000a5d00000| Untracked 
|  76|0x00000000a5e00000, 0x00000000a5e00000, 0x00000000a5f00000|  0%| F|  |TAMS 0x00000000a5e00000, 0x00000000a5e00000| Untracked 
|  77|0x00000000a5f00000, 0x00000000a5f00000, 0x00000000a6000000|  0%| F|  |TAMS 0x00000000a5f00000, 0x00000000a5f00000| Untracked 
|  78|0x00000000a6000000, 0x00000000a6000000, 0x00000000a6100000|  0%| F|  |TAMS 0x00000000a6000000, 0x00000000a6000000| Untracked 
|  79|0x00000000a6100000, 0x00000000a6100000, 0x00000000a6200000|  0%| F|  |TAMS 0x00000000a6100000, 0x00000000a6100000| Untracked 
|  80|0x00000000a6200000, 0x00000000a6200000, 0x00000000a6300000|  0%| F|  |TAMS 0x00000000a6200000, 0x00000000a6200000| Untracked 
|  81|0x00000000a6300000, 0x00000000a6300000, 0x00000000a6400000|  0%| F|  |TAMS 0x00000000a6300000, 0x00000000a6300000| Untracked 
|  82|0x00000000a6400000, 0x00000000a6400000, 0x00000000a6500000|  0%| F|  |TAMS 0x00000000a6400000, 0x00000000a6400000| Untracked 
|  83|0x00000000a6500000, 0x00000000a6500000, 0x00000000a6600000|  0%| F|  |TAMS 0x00000000a6500000, 0x00000000a6500000| Untracked 
|  84|0x00000000a6600000, 0x00000000a6600000, 0x00000000a6700000|  0%| F|  |TAMS 0x00000000a6600000, 0x00000000a6600000| Untracked 
|  85|0x00000000a6700000, 0x00000000a6700000, 0x00000000a6800000|  0%| F|  |TAMS 0x00000000a6700000, 0x00000000a6700000| Untracked 
|  86|0x00000000a6800000, 0x00000000a6800000, 0x00000000a6900000|  0%| F|  |TAMS 0x00000000a6800000, 0x00000000a6800000| Untracked 
|  87|0x00000000a6900000, 0x00000000a6900000, 0x00000000a6a00000|  0%| F|  |TAMS 0x00000000a6900000, 0x00000000a6900000| Untracked 
|  88|0x00000000a6a00000, 0x00000000a6a00000, 0x00000000a6b00000|  0%| F|  |TAMS 0x00000000a6a00000, 0x00000000a6a00000| Untracked 
|  89|0x00000000a6b00000, 0x00000000a6b00000, 0x00000000a6c00000|  0%| F|  |TAMS 0x00000000a6b00000, 0x00000000a6b00000| Untracked 
|  90|0x00000000a6c00000, 0x00000000a6c00000, 0x00000000a6d00000|  0%| F|  |TAMS 0x00000000a6c00000, 0x00000000a6c00000| Untracked 
|  91|0x00000000a6d00000, 0x00000000a6d00000, 0x00000000a6e00000|  0%| F|  |TAMS 0x00000000a6d00000, 0x00000000a6d00000| Untracked 
|  92|0x00000000a6e00000, 0x00000000a6e00000, 0x00000000a6f00000|  0%| F|  |TAMS 0x00000000a6e00000, 0x00000000a6e00000| Untracked 
|  93|0x00000000a6f00000, 0x00000000a6fd7a20, 0x00000000a7000000| 84%| E|  |TAMS 0x00000000a6f00000, 0x00000000a6f00000| Complete 
|  94|0x00000000a7000000, 0x00000000a7100000, 0x00000000a7100000|100%| E|CS|TAMS 0x00000000a7000000, 0x00000000a7000000| Complete 
|  95|0x00000000a7100000, 0x00000000a7200000, 0x00000000a7200000|100%| E|CS|TAMS 0x00000000a7100000, 0x00000000a7100000| Complete 

Card table byte_map: [0x000002a0e7360000,0x000002a0e7660000] _byte_map_base: 0x000002a0e6e57000

Marking Bits (Prev, Next): (CMBitMap*) 0x000002a0cdb06a18, (CMBitMap*) 0x000002a0cdb06a50
 Prev Bits: [0x000002a0e7960000, 0x000002a0e9118000)
 Next Bits: [0x000002a0e9120000, 0x000002a0ea8d8000)

Polling page: 0x000002a0d7a10000

Metaspace:

Usage:
  Non-class:      6.06 MB capacity,     5.97 MB ( 99%) used,    85.60 KB (  1%) free+waste,     4.50 KB ( <1%) overhead. 
      Class:    643.00 KB capacity,   582.62 KB ( 91%) used,    58.20 KB (  9%) free+waste,     2.19 KB ( <1%) overhead. 
       Both:      6.69 MB capacity,     6.54 MB ( 98%) used,   143.80 KB (  2%) free+waste,     6.69 KB ( <1%) overhead. 

Virtual space:
  Non-class space:        8.00 MB reserved,       6.25 MB ( 78%) committed 
      Class space:        1.00 GB reserved,     768.00 KB ( <1%) committed 
             Both:        1.01 GB reserved,       7.00 MB ( <1%) committed 

Chunk freelists:
   Non-Class:  1.00 KB
       Class:  29.00 KB
        Both:  30.00 KB

MaxMetaspaceSize: 17179869184.00 GB
CompressedClassSpaceSize: 1.00 GB
Initial GC threshold: 20.80 MB
Current GC threshold: 20.80 MB
CDS: off

CodeHeap 'non-profiled nmethods': size=120064Kb used=102Kb max_used=102Kb free=119961Kb
 bounds [0x000002a0df4f0000, 0x000002a0df760000, 0x000002a0e6a30000]
CodeHeap 'profiled nmethods': size=120000Kb used=373Kb max_used=373Kb free=119626Kb
 bounds [0x000002a0d7fc0000, 0x000002a0d8230000, 0x000002a0df4f0000]
CodeHeap 'non-nmethods': size=5696Kb used=1098Kb max_used=1110Kb free=4597Kb
 bounds [0x000002a0d7a30000, 0x000002a0d7ca0000, 0x000002a0d7fc0000]
 total_blobs=665 nmethods=322 adapters=256
 compilation: enabled
              stopped_count=0, restarted_count=0
 full_count=0

Compilation events (20 events):
Event: 0.685 Thread 0x000002a0ecf2c000 nmethod 314 0x000002a0d8019d10 code [0x000002a0d8019fa0, 0x000002a0d801ad08]
Event: 0.685 Thread 0x000002a0ecf2c000  311       3       java.lang.System::getSecurityManager (4 bytes)
Event: 0.685 Thread 0x000002a0ecf2c000 nmethod 311 0x000002a0d801b390 code [0x000002a0d801b540, 0x000002a0d801b638]
Event: 0.687 Thread 0x000002a0ecf27000 nmethod 313 0x000002a0df509190 code [0x000002a0df509320, 0x000002a0df5093b8]
Event: 0.691 Thread 0x000002a0ecf2c000  315       3       java.lang.StringUTF16::compress (59 bytes)
Event: 0.692 Thread 0x000002a0ecf2c000 nmethod 315 0x000002a0d801b690 code [0x000002a0d801b860, 0x000002a0d801bba8]
Event: 0.692 Thread 0x000002a0ecf2c000  316       3       sun.nio.cs.SingleByte$Encoder::encode (32 bytes)
Event: 0.692 Thread 0x000002a0ecf2c000 nmethod 316 0x000002a0d801bd90 code [0x000002a0d801bf40, 0x000002a0d801c0f8]
Event: 0.694 Thread 0x000002a0ecf2c000  317       3       java.util.Collections$UnmodifiableCollection$1::next (10 bytes)
Event: 0.694 Thread 0x000002a0ecf2c000 nmethod 317 0x000002a0d801c210 code [0x000002a0d801c3c0, 0x000002a0d801c588]
Event: 0.694 Thread 0x000002a0ecf2c000  318       1       java.nio.Buffer::position (5 bytes)
Event: 0.694 Thread 0x000002a0ecf2c000 nmethod 318 0x000002a0df509490 code [0x000002a0df509640, 0x000002a0df5096f8]
Event: 0.694 Thread 0x000002a0ecf2c000  319       1       java.nio.Buffer::limit (5 bytes)
Event: 0.695 Thread 0x000002a0ecf2c000 nmethod 319 0x000002a0df509790 code [0x000002a0df509940, 0x000002a0df5099f8]
Event: 0.698 Thread 0x000002a0ecf2c000  320       3       java.nio.Buffer::position (52 bytes)
Event: 0.699 Thread 0x000002a0ecf2c000 nmethod 320 0x000002a0d801c690 code [0x000002a0d801c860, 0x000002a0d801cac8]
Event: 0.699 Thread 0x000002a0ecf2c000  321       3       java.nio.ByteBuffer::arrayOffset (35 bytes)
Event: 0.699 Thread 0x000002a0ecf2c000 nmethod 321 0x000002a0d801cb90 code [0x000002a0d801cd60, 0x000002a0d801cfd8]
Event: 0.700 Thread 0x000002a0ecf2c000  322       3       java.nio.CharBuffer::arrayOffset (35 bytes)
Event: 0.700 Thread 0x000002a0ecf2c000 nmethod 322 0x000002a0d801d110 code [0x000002a0d801d2e0, 0x000002a0d801d558]

GC Heap History (0 events):
No events

Deoptimization events (20 events):
Event: 0.320 Thread 0x000002a0cdacf000 Uncommon trap: trap_request=0xffffff4d fr.pc=0x000002a0df4faaa8 relative=0x0000000000000188
Event: 0.320 Thread 0x000002a0cdacf000 Uncommon trap: reason=unstable_if action=reinterpret pc=0x000002a0df4faaa8 method=java.lang.String.equals(Ljava/lang/Object;)Z @ 27 c2
Event: 0.320 Thread 0x000002a0cdacf000 DEOPT PACKING pc=0x000002a0df4faaa8 sp=0x000000d6af2feb70
Event: 0.320 Thread 0x000002a0cdacf000 DEOPT UNPACKING pc=0x000002a0d7a7a1af sp=0x000000d6af2feb10 mode 2
Event: 0.353 Thread 0x000002a0cdacf000 Uncommon trap: trap_request=0xffffffde fr.pc=0x000002a0df4fd748 relative=0x0000000000000ac8
Event: 0.353 Thread 0x000002a0cdacf000 Uncommon trap: reason=class_check action=maybe_recompile pc=0x000002a0df4fd748 method=java.util.HashMap.putVal(ILjava/lang/Object;Ljava/lang/Object;ZZ)Ljava/lang/Object; @ 152 c2
Event: 0.353 Thread 0x000002a0cdacf000 DEOPT PACKING pc=0x000002a0df4fd748 sp=0x000000d6af2f68e0
Event: 0.353 Thread 0x000002a0cdacf000 DEOPT UNPACKING pc=0x000002a0d7a7a1af sp=0x000000d6af2f6860 mode 2
Event: 0.386 Thread 0x000002a0cdacf000 Uncommon trap: trap_request=0xffffffde fr.pc=0x000002a0df4fd748 relative=0x0000000000000ac8
Event: 0.386 Thread 0x000002a0cdacf000 Uncommon trap: reason=class_check action=maybe_recompile pc=0x000002a0df4fd748 method=java.util.HashMap.putVal(ILjava/lang/Object;Ljava/lang/Object;ZZ)Ljava/lang/Object; @ 152 c2
Event: 0.386 Thread 0x000002a0cdacf000 DEOPT PACKING pc=0x000002a0df4fd748 sp=0x000000d6af2fcb50
Event: 0.386 Thread 0x000002a0cdacf000 DEOPT UNPACKING pc=0x000002a0d7a7a1af sp=0x000000d6af2fcad0 mode 2
Event: 0.398 Thread 0x000002a0cdacf000 Uncommon trap: trap_request=0xffffffde fr.pc=0x000002a0df4fd748 relative=0x0000000000000ac8
Event: 0.398 Thread 0x000002a0cdacf000 Uncommon trap: reason=class_check action=maybe_recompile pc=0x000002a0df4fd748 method=java.util.HashMap.putVal(ILjava/lang/Object;Ljava/lang/Object;ZZ)Ljava/lang/Object; @ 152 c2
Event: 0.398 Thread 0x000002a0cdacf000 DEOPT PACKING pc=0x000002a0df4fd748 sp=0x000000d6af2fae50
Event: 0.398 Thread 0x000002a0cdacf000 DEOPT UNPACKING pc=0x000002a0d7a7a1af sp=0x000000d6af2fadd0 mode 2
Event: 0.398 Thread 0x000002a0cdacf000 Uncommon trap: trap_request=0xffffffde fr.pc=0x000002a0df4fd748 relative=0x0000000000000ac8
Event: 0.398 Thread 0x000002a0cdacf000 Uncommon trap: reason=class_check action=maybe_recompile pc=0x000002a0df4fd748 method=java.util.HashMap.putVal(ILjava/lang/Object;Ljava/lang/Object;ZZ)Ljava/lang/Object; @ 152 c2
Event: 0.398 Thread 0x000002a0cdacf000 DEOPT PACKING pc=0x000002a0df4fd748 sp=0x000000d6af2fae50
Event: 0.398 Thread 0x000002a0cdacf000 DEOPT UNPACKING pc=0x000002a0d7a7a1af sp=0x000000d6af2fadd0 mode 2

Classes redefined (0 events):
No events

Internal exceptions (2 events):
Event: 0.691 Thread 0x000002a0cdacf000 Exception <a 'java/io/FileNotFoundException'{0x00000000a6fc2c48}> (0x00000000a6fc2c48) thrown at [s\src\hotspot\share\prims\jni.cpp, line 617]
Event: 0.696 Thread 0x000002a0cdacf000 Exception <a 'java/lang/reflect/InvocationTargetException'{0x00000000a6fc8e58}> (0x00000000a6fc8e58) thrown at [s\src\hotspot\share\runtime\reflection.cpp, line 1245]

Events (20 events):
Event: 0.681 loading class org/jacoco/agent/rt/internal_43f5073/Agent$2
Event: 0.681 loading class org/jacoco/agent/rt/internal_43f5073/Agent$2 done
Event: 0.682 loading class java/lang/NoSuchFieldError
Event: 0.682 loading class java/lang/IncompatibleClassChangeError
Event: 0.682 loading class java/lang/IncompatibleClassChangeError done
Event: 0.682 loading class java/lang/NoSuchFieldError done
Event: 0.682 loading class org/jacoco/agent/rt/internal_43f5073/output/FileOutput
Event: 0.682 loading class org/jacoco/agent/rt/internal_43f5073/output/FileOutput done
Event: 0.690 loading class java/io/FileNotFoundException
Event: 0.690 loading class java/io/FileNotFoundException done
Event: 0.690 Executing VM operation: Deoptimize
Event: 0.691 Executing VM operation: Deoptimize done
Event: 0.691 loading class java/lang/Throwable$WrappedPrintStream
Event: 0.691 loading class java/lang/Throwable$PrintStreamOrWriter
Event: 0.691 loading class java/lang/Throwable$PrintStreamOrWriter done
Event: 0.691 loading class java/lang/Throwable$WrappedPrintStream done
Event: 0.693 loading class java/lang/StackTraceElement$HashedModules
Event: 0.693 loading class java/lang/StackTraceElement$HashedModules done
Event: 0.696 loading class java/lang/reflect/InvocationTargetException
Event: 0.696 loading class java/lang/reflect/InvocationTargetException done


Dynamic libraries:
0x00007ff6941f0000 - 0x00007ff6941fe000 	C:\Users\Юлия\.jdks\corretto-11.0.22\bin\java.exe
0x00007ffd29110000 - 0x00007ffd29308000 	C:\WINDOWS\SYSTEM32\ntdll.dll
0x00007ffd21770000 - 0x00007ffd21789000 	C:\Program Files\Avast Software\Avast\aswhook.dll
0x00007ffd27140000 - 0x00007ffd271fd000 	C:\WINDOWS\System32\KERNEL32.DLL
0x00007ffd26b40000 - 0x00007ffd26e36000 	C:\WINDOWS\System32\KERNELBASE.dll
0x00007ffd267c0000 - 0x00007ffd268c0000 	C:\WINDOWS\System32\ucrtbase.dll
0x00007ffd136b0000 - 0x00007ffd136cb000 	C:\Users\Юлия\.jdks\corretto-11.0.22\bin\VCRUNTIME140.dll
0x00007ffd1f260000 - 0x00007ffd1f277000 	C:\Users\Юлия\.jdks\corretto-11.0.22\bin\jli.dll
0x00007ffd27200000 - 0x00007ffd2739e000 	C:\WINDOWS\System32\USER32.dll
0x00007ffd268c0000 - 0x00007ffd268e2000 	C:\WINDOWS\System32\win32u.dll
0x00007ffd14690000 - 0x00007ffd1492a000 	C:\WINDOWS\WinSxS\amd64_microsoft.windows.common-controls_6595b64144ccf1df_6.0.19041.3636_none_60b6a03d71f818d5\COMCTL32.dll
0x00007ffd27820000 - 0x00007ffd2784b000 	C:\WINDOWS\System32\GDI32.dll
0x00007ffd26e40000 - 0x00007ffd26f57000 	C:\WINDOWS\System32\gdi32full.dll
0x00007ffd27950000 - 0x00007ffd279ee000 	C:\WINDOWS\System32\msvcrt.dll
0x00007ffd26f60000 - 0x00007ffd26ffd000 	C:\WINDOWS\System32\msvcp_win.dll
0x00007ffd286c0000 - 0x00007ffd286f2000 	C:\WINDOWS\System32\IMM32.DLL
0x00007ffd21300000 - 0x00007ffd2130c000 	C:\Users\Юлия\.jdks\corretto-11.0.22\bin\vcruntime140_1.dll
0x00007ffcfe560000 - 0x00007ffcfe5ed000 	C:\Users\Юлия\.jdks\corretto-11.0.22\bin\msvcp140.dll
0x00007ffce0ba0000 - 0x00007ffce1763000 	C:\Users\Юлия\.jdks\corretto-11.0.22\bin\server\jvm.dll
0x00007ffd273a0000 - 0x00007ffd27450000 	C:\WINDOWS\System32\ADVAPI32.dll
0x00007ffd27850000 - 0x00007ffd278f0000 	C:\WINDOWS\System32\sechost.dll
0x00007ffd275c0000 - 0x00007ffd276e5000 	C:\WINDOWS\System32\RPCRT4.dll
0x00007ffd268f0000 - 0x00007ffd26917000 	C:\WINDOWS\System32\bcrypt.dll
0x00007ffd28240000 - 0x00007ffd28248000 	C:\WINDOWS\System32\PSAPI.DLL
0x00007ffd042c0000 - 0x00007ffd042e7000 	C:\WINDOWS\SYSTEM32\WINMM.dll
0x00007ffd1a1a0000 - 0x00007ffd1a1a9000 	C:\WINDOWS\SYSTEM32\WSOCK32.dll
0x00007ffd25580000 - 0x00007ffd2558a000 	C:\WINDOWS\SYSTEM32\VERSION.dll
0x00007ffd28ea0000 - 0x00007ffd28f0b000 	C:\WINDOWS\System32\WS2_32.dll
0x00007ffd25540000 - 0x00007ffd25552000 	C:\WINDOWS\SYSTEM32\kernel.appcore.dll
0x00007ffd1f250000 - 0x00007ffd1f260000 	C:\Users\Юлия\.jdks\corretto-11.0.22\bin\verify.dll
0x00007ffd1dbf0000 - 0x00007ffd1ddd4000 	C:\WINDOWS\SYSTEM32\DBGHELP.DLL
0x00007ffd1dbb0000 - 0x00007ffd1dbe4000 	C:\WINDOWS\SYSTEM32\dbgcore.DLL
0x00007ffd27000000 - 0x00007ffd27082000 	C:\WINDOWS\System32\bcryptPrimitives.dll
0x00007ffd10bb0000 - 0x00007ffd10bd8000 	C:\Users\Юлия\.jdks\corretto-11.0.22\bin\java.dll
0x00007ffd1e2c0000 - 0x00007ffd1e2ca000 	C:\Users\Юлия\.jdks\corretto-11.0.22\bin\jimage.dll
0x00007ffd1f170000 - 0x00007ffd1f17e000 	C:\Users\Юлия\.jdks\corretto-11.0.22\bin\instrument.dll
0x00007ffd10b90000 - 0x00007ffd10ba8000 	C:\Users\Юлия\.jdks\corretto-11.0.22\bin\zip.dll
0x00007ffd279f0000 - 0x00007ffd2815b000 	C:\WINDOWS\System32\SHELL32.dll
0x00007ffd24690000 - 0x00007ffd24e2e000 	C:\WINDOWS\SYSTEM32\windows.storage.dll
0x00007ffd28970000 - 0x00007ffd28cc3000 	C:\WINDOWS\System32\combase.dll
0x00007ffd261f0000 - 0x00007ffd2621e000 	C:\WINDOWS\SYSTEM32\Wldp.dll
0x00007ffd28810000 - 0x00007ffd288dd000 	C:\WINDOWS\System32\OLEAUT32.dll
0x00007ffd28df0000 - 0x00007ffd28e9d000 	C:\WINDOWS\System32\SHCORE.dll
0x00007ffd278f0000 - 0x00007ffd27945000 	C:\WINDOWS\System32\shlwapi.dll
0x00007ffd266f0000 - 0x00007ffd26715000 	C:\WINDOWS\SYSTEM32\profapi.dll
0x00007ffd10b40000 - 0x00007ffd10b59000 	C:\Users\Юлия\.jdks\corretto-11.0.22\bin\net.dll
0x00007ffd1ee40000 - 0x00007ffd1ef4a000 	C:\WINDOWS\SYSTEM32\WINHTTP.dll
0x00007ffd25f50000 - 0x00007ffd25fba000 	C:\WINDOWS\system32\mswsock.dll
0x00007ffd06d60000 - 0x00007ffd06d72000 	C:\Users\Юлия\.jdks\corretto-11.0.22\bin\nio.dll
0x00007ffcfa3a0000 - 0x00007ffcfa3b7000 	C:\WINDOWS\system32\napinsp.dll
0x00007ffcfa380000 - 0x00007ffcfa39b000 	C:\WINDOWS\system32\pnrpnsp.dll
0x00007ffd21c10000 - 0x00007ffd21c25000 	C:\WINDOWS\system32\wshbth.dll
0x00007ffd20a30000 - 0x00007ffd20a4d000 	C:\WINDOWS\system32\NLAapi.dll
0x00007ffd25bf0000 - 0x00007ffd25c2b000 	C:\WINDOWS\SYSTEM32\IPHLPAPI.DLL
0x00007ffd25c40000 - 0x00007ffd25d0b000 	C:\WINDOWS\SYSTEM32\DNSAPI.dll
0x00007ffd290c0000 - 0x00007ffd290c8000 	C:\WINDOWS\System32\NSI.dll
0x00007ffcfa0e0000 - 0x00007ffcfa0f2000 	C:\WINDOWS\System32\winrnr.dll
0x00007ffd1b1f0000 - 0x00007ffd1b1fa000 	C:\Windows\System32\rasadhlp.dll
0x00007ffd1abf0000 - 0x00007ffd1ac70000 	C:\WINDOWS\System32\fwpuclnt.dll

dbghelp: loaded successfully - version: 4.0.5 - missing functions: none
symbol engine: initialized successfully - sym options: 0x614 - pdb path: .;C:\Users\Юлия\.jdks\corretto-11.0.22\bin;C:\WINDOWS\SYSTEM32;C:\Program Files\Avast Software\Avast;C:\WINDOWS\WinSxS\amd64_microsoft.windows.common-controls_6595b64144ccf1df_6.0.19041.3636_none_60b6a03d71f818d5;C:\Users\Юлия\.jdks\corretto-11.0.22\bin\server

VM Arguments:
jvm_args: -javaagent:C:\\Users\\Юлия\\.m2\\repository\\org\\jacoco\\org.jacoco.agent\\0.8.5\\org.jacoco.agent-0.8.5-runtime.jar=destfile=C:\\Users\\Юлия\\Desktop\\Percents100\\target\\jacoco.exec 
java_command: C:\Users\0E3B~1\AppData\Local\Temp\surefire6314555336627608769\surefirebooter9007119652073256492.jar C:\Users\Юлия\AppData\Local\Temp\surefire6314555336627608769 2024-03-18T19-43-00_987-jvmRun1 surefire10519029133960183149tmp surefire_01110471203655599531tmp
java_class_path (initial): C:\Users\0E3B~1\AppData\Local\Temp\surefire6314555336627608769\surefirebooter9007119652073256492.jar
Launcher Type: SUN_STANDARD

[Global flags]
     intx CICompilerCount                          = 3                                         {product} {ergonomic}
     uint ConcGCThreads                            = 1                                         {product} {ergonomic}
     uint G1ConcRefinementThreads                  = 4                                         {product} {ergonomic}
   size_t G1HeapRegionSize                         = 1048576                                   {product} {ergonomic}
    uintx GCDrainStackTargetSize                   = 64                                        {product} {ergonomic}
   size_t InitialHeapSize                          = 100663296                                 {product} {ergonomic}
   size_t MarkStackSize                            = 4194304                                   {product} {ergonomic}
   size_t MaxHeapSize                              = 1591738368                                {product} {ergonomic}
   size_t MaxNewSize                               = 954204160                                 {product} {ergonomic}
   size_t MinHeapDeltaBytes                        = 1048576                                   {product} {ergonomic}
    uintx NonNMethodCodeHeapSize                   = 5830732                                {pd product} {ergonomic}
    uintx NonProfiledCodeHeapSize                  = 122913754                              {pd product} {ergonomic}
    uintx ProfiledCodeHeapSize                     = 122913754                              {pd product} {ergonomic}
    uintx ReservedCodeCacheSize                    = 251658240                              {pd product} {ergonomic}
     bool SegmentedCodeCache                       = true                                      {product} {ergonomic}
     bool UseCompressedClassPointers               = true                                 {lp64_product} {ergonomic}
     bool UseCompressedOops                        = true                                 {lp64_product} {ergonomic}
     bool UseG1GC                                  = true                                      {product} {ergonomic}
     bool UseLargePagesIndividualAllocation        = false                                  {pd product} {ergonomic}

Logging:
Log output configuration:
 #0: stdout all=warning uptime,level,tags
 #1: stderr all=off uptime,level,tags

Environment Variables:
PATH=C:\Program Files\Eclipse Adoptium\jdk-11.0.21.9-hotspot\bin;C:\Program Files\Broadcom\Broadcom 802.11 Network Adapter;C:\Program Files (x86)\Intel\iCLS Client\;C:\Program Files\Intel\iCLS Client\;C:\Program Files (x86)\NVIDIA Corporation\PhysX\Common;C:\Windows\system32;C:\Windows;C:\Windows\System32\Wbem;C:\Windows\System32\WindowsPowerShell\v1.0\;C:\Program Files (x86)\Acer\abFiles\;C:\Program Files\Intel\Intel(R) Management Engine Components\DAL;C:\Program Files\Intel\Intel(R) Management Engine Components\IPT;C:\Program Files (x86)\Intel\Intel(R) Management Engine Components\DAL;C:\Program Files (x86)\Intel\Intel(R) Management Engine Components\IPT;C:\Program Files\WIDCOMM\Bluetooth Software\;C:\Program Files\WIDCOMM\Bluetooth Software\syswow64;C:\WINDOWS\system32;C:\WINDOWS;C:\WINDOWS\System32\Wbem;C:\WINDOWS\System32\WindowsPowerShell\v1.0\;C:\Program Files (x86)\Skype\Phone\;C:\WINDOWS\System32\OpenSSH\;C:\Program Files (x86)\dotnet\;C:\Program Files\Git\cmd;C:\Users\Юлия\AppData\Local\Microsoft\WindowsApps;;C:\Users\Юлия\AppData\Local\Programs\Microsoft VS Code\bin
USERNAME=Юлия
OS=Windows_NT
PROCESSOR_IDENTIFIER=Intel64 Family 6 Model 69 Stepping 1, GenuineIntel
TMP=C:\Users\0E3B~1\AppData\Local\Temp
TEMP=C:\Users\0E3B~1\AppData\Local\Temp



---------------  S Y S T E M  ---------------

OS: Windows 10 , 64 bit Build 19041 (10.0.19041.3636)
OS uptime: 0 days 21:24 hours

CPU:total 4 (initial active 4) (2 cores per cpu, 2 threads per core) family 6 model 69 stepping 1 microcode 0x25, cmov, cx8, fxsr, mmx, sse, sse2, sse3, ssse3, sse4.1, sse4.2, popcnt, avx, avx2, aes, clmul, erms, lzcnt, ht, tsc, tscinvbit, bmi1, bmi2, fma

Memory: 4k page, system-wide physical 6067M (710M free)
TotalPageFile size 10419M (AvailPageFile size 1890M)
current process WorkingSet (physical memory assigned to process): 40M, peak: 40M
current process commit charge ("private bytes"): 167M, peak: 167M

vm_info: OpenJDK 64-Bit Server VM (11.0.22+7-LTS) for windows-amd64 JRE (11.0.22+7-LTS), built on Jan 10 2024 19:54:00 by "Administrator" with MS VC++ 16.10 / 16.11 (VS2019)

END.
