#
# A fatal error has been detected by the Java Runtime Environment:
#
#  EXCEPTION_ACCESS_VIOLATION (0xc0000005) at pc=0x0000020aebe2112d, pid=6560, tid=1412
#
# JRE version: OpenJDK Runtime Environment Corretto-11.0.22.7.1 (11.0.22+7) (build 11.0.22+7-LTS)
# Java VM: OpenJDK 64-Bit Server VM Corretto-11.0.22.7.1 (11.0.22+7-LTS, mixed mode, tiered, compressed oops, g1 gc, windows-amd64)
# Problematic frame:
# v  ~StubRoutines::get_previous_fp
#
# No core dump will be written. Minidumps are not enabled by default on client versions of Windows
#
# If you would like to submit a bug report, please visit:
#   https://github.com/corretto/corretto-11/issues/
#

---------------  S U M M A R Y ------------

Command Line: -javaagent:C:\\Users\\Юлия\\.m2\\repository\\org\\jacoco\\org.jacoco.agent\\0.8.5\\org.jacoco.agent-0.8.5-runtime.jar=destfile=C:\\Users\\Юлия\\Desktop\\Percents100\\target\\jacoco.exec C:\Users\0E3B~1\AppData\Local\Temp\surefire190783566070969833\surefirebooter5559843864583437264.jar C:\Users\Юлия\AppData\Local\Temp\surefire190783566070969833 2024-03-18T19-46-14_396-jvmRun1 surefire7467241430599506560tmp surefire_04586453565208657644tmp

Host: Intel(R) Core(TM) i3-4005U CPU @ 1.70GHz, 4 cores, 5G,  Windows 10 , 64 bit Build 19041 (10.0.19041.3636)
Time: Mon Mar 18 19:46:17 2024 RTZ 2 (s 10 , 64 bit Build 19041 (10.0.19041.3636) elapsed time: 0.656686 seconds (0d 0h 0m 0s)

---------------  T H R E A D  ---------------

Current thread (0x0000020ae368d800):  JavaThread "main" [_thread_in_vm, id=1412, stack(0x00000016abe00000,0x00000016abf00000)]

Stack: [0x00000016abe00000,0x00000016abf00000],  sp=0x00000016abeff4c0,  free space=1021k
Native frames: (J=compiled Java code, j=interpreted, Vv=VM code, C=native code)
C  0x0000020aebe2112d


siginfo: EXCEPTION_ACCESS_VIOLATION (0xc0000005), reading address 0x00000000000003d8


Register to memory mapping:

RIP=0x0000020aebe2112d is at begin+8 in a stub
StubRoutines::get_previous_fp [0x0000020aebe21125, 0x0000020aebe21132[ (13 bytes)
RAX=0x00000000000003d8 is an unknown value
RBX=0x00000016abeff560 is pointing into the stack for thread: 0x0000020ae368d800
RCX=0x00000016abeff560 is pointing into the stack for thread: 0x0000020ae368d800
RDX=0x0 is NULL
RSP=0x00000016abeff4c0 is pointing into the stack for thread: 0x0000020ae368d800
RBP=0x00000016abeff4c0 is pointing into the stack for thread: 0x0000020ae368d800
RSI=0x0 is NULL
RDI=0x0000020ae368d800 is a thread
R8 =0x00000016abeff438 is pointing into the stack for thread: 0x0000020ae368d800
R9 =0x0000000000000001 is an unknown value
R10=0x0 is NULL
R11=0x00000016abeff4f0 is pointing into the stack for thread: 0x0000020ae368d800
R12=0x0000020ae368e548 points into unknown readable memory: 0x080349c1c57aa04a | 4a a0 7a c5 c1 49 03 08
R13=0x0000020afeb95cc8 points into unknown readable memory: 0x0000020ae14717b0 | b0 17 47 e1 0a 02 00 00
R14=0x0000020a820f8bb0 points into unknown readable memory: 0x00000000a6fce1c8 | c8 e1 fc a6 00 00 00 00
R15=0x0000020ae368e170 points into unknown readable memory: 0x0072006f006d0020 | 20 00 6d 00 6f 00 72 00


Registers:
RAX=0x00000000000003d8, RBX=0x00000016abeff560, RCX=0x00000016abeff560, RDX=0x0000000000000000
RSP=0x00000016abeff4c0, RBP=0x00000016abeff4c0, RSI=0x0000000000000000, RDI=0x0000020ae368d800
R8 =0x00000016abeff438, R9 =0x0000000000000001, R10=0x0000000000000000, R11=0x00000016abeff4f0
R12=0x0000020ae368e548, R13=0x0000020afeb95cc8, R14=0x0000020a820f8bb0, R15=0x0000020ae368e170
RIP=0x0000020aebe2112d, EFLAGS=0x0000000000010202

Top of Stack: (sp=0x00000016abeff4c0)
0x00000016abeff4c0:   00000000000003d8 00007ffce11e5376
0x00000016abeff4d0:   00000000000000af 00000016abeff5c0
0x00000016abeff4e0:   00007ffd1f1782d0 00007ffd267db3e4
0x00000016abeff4f0:   0000020ae368e160 00007ffce0c6232c
0x00000016abeff500:   0000020ae368d800 0000020ae146e860
0x00000016abeff510:   00000000000007d0 0000000000007fd8
0x00000016abeff520:   0000020ae368d800 00007ffce1339301
0x00000016abeff530:   0000020ae146e860 0000020ae368e160
0x00000016abeff540:   0000020ae368e160 0000020afeb42a38
0x00000016abeff550:   0000020ae3672ba8 00007ffd1f17148c
0x00000016abeff560:   0000000000000000 0000000000000024
0x00000016abeff570:   00007ffd1f1782d0 00000016abeff5c0
0x00000016abeff580:   00007ffd268af540 0000000000000000
0x00000016abeff590:   000055154da97a47 00007ffd1f177ae0
0x00000016abeff5a0:   0000020ae368d800 00007ffce11e7ac0
0x00000016abeff5b0:   0000020ae368db48 00007ffd1f1782d0 

Instructions: (pc=0x0000020aebe2112d)
0x0000020aebe2102d:   84 83 00 00 00 83 fa 07 0f 84 80 00 00 00 89 01
0x0000020aebe2103d:   48 8d a5 28 fe ff ff c5 fa 6f 75 b8 c5 fa 6f 7d
0x0000020aebe2104d:   a8 c5 7a 6f 45 98 c5 7a 6f 4d 88 c5 7a 6f 95 78
0x0000020aebe2105d:   ff ff ff c5 7a 6f 9d 68 ff ff ff c5 7a 6f a5 58
0x0000020aebe2106d:   ff ff ff c5 7a 6f ad 48 ff ff ff c5 7a 6f b5 38
0x0000020aebe2107d:   ff ff ff c5 7a 6f bd 28 ff ff ff 4c 8b 7d c8 4c
0x0000020aebe2108d:   8b 75 d0 4c 8b 6d d8 4c 8b 65 e0 48 8b 5d f8 48
0x0000020aebe2109d:   8b 7d e8 48 8b 75 f0 48 81 c4 d8 01 00 00 c5 f8
0x0000020aebe210ad:   77 5d c3 48 89 01 eb 88 c5 fa 11 01 eb 82 c5 fb
0x0000020aebe210bd:   11 01 e9 79 ff ff ff 49 89 47 08 49 ba a0 53 4e
0x0000020aebe210cd:   e1 fc 7f 00 00 4d 89 57 10 41 c7 47 18 da 01 00
0x0000020aebe210dd:   00 e9 2d ff ff ff 8b c1 87 02 c3 48 8b c1 48 87
0x0000020aebe210ed:   02 c3 41 8b c0 f0 0f b1 0a c3 49 0f be c0 f0 0f
0x0000020aebe210fd:   b0 0a c3 49 8b c0 f0 48 0f b1 0a c3 8b c1 f0 0f
0x0000020aebe2110d:   c1 0a 03 c1 c3 48 8b c1 f0 48 0f c1 0a 48 03 c1
0x0000020aebe2111d:   c3 f0 83 44 24 c0 00 c3 55 48 8b ec 48 8b 45 00
0x0000020aebe2112d:   48 8b 00 5d c3 48 8b c4 48 83 c0 08 c3 c3 0f 1f
0x0000020aebe2113d:   44 00 00 55 48 8b ec 49 b9 30 05 64 e1 fc 7f 00
0x0000020aebe2114d:   00 f7 d1 41 83 f8 10 0f 8c 38 02 00 00 44 8b da
0x0000020aebe2115d:   41 83 e3 0f 74 23 41 83 eb 10 45 03 c3 66 90 0f
0x0000020aebe2116d:   be 02 33 c1 81 e0 ff 00 00 00 c1 e9 08 41 33 0c
0x0000020aebe2117d:   81 48 ff c2 41 ff c3 7c e6 45 8b d8 41 c1 e8 04
0x0000020aebe2118d:   0f 84 fc 01 00 00 c5 f9 6f 0a c5 f9 7e c8 33 c8
0x0000020aebe2119d:   c4 e3 71 22 c9 00 48 83 c2 10 41 83 e8 04 0f 8c
0x0000020aebe211ad:   d7 00 00 00 c5 f9 6f 12 c5 f9 6f 5a 10 c5 f9 6f
0x0000020aebe211bd:   62 20 48 83 c2 30 41 83 e8 03 0f 8e 70 00 00 00
0x0000020aebe211cd:   49 ba 20 05 64 e1 fc 7f 00 00 c4 c1 7a 6f 02 0f
0x0000020aebe211dd:   1f 40 00 c4 e3 79 44 e9 11 c4 e3 79 44 c9 00 c5
0x0000020aebe211ed:   f1 ef 0a c5 f1 ef cd c4 e3 79 44 ea 11 c4 e3 79
0x0000020aebe211fd:   44 d2 00 c5 e9 ef 52 10 c5 e9 ef d5 c4 e3 79 44
0x0000020aebe2120d:   eb 11 c4 e3 79 44 db 00 c5 e1 ef 5a 20 c5 e1 ef
0x0000020aebe2121d:   dd c4 e3 79 44 ec 11 c4 e3 79 44 e4 00 c5 d9 ef 


Stack slot to memory mapping:
stack at sp + 0 slots: 0x00000000000003d8 is an unknown value
stack at sp + 1 slots: 0x00007ffce11e5376 jvm.dll
stack at sp + 2 slots: 0x00000000000000af is an unknown value
stack at sp + 3 slots: 0x00000016abeff5c0 is pointing into the stack for thread: 0x0000020ae368d800
stack at sp + 4 slots: 0x00007ffd1f1782d0 instrument.dll
stack at sp + 5 slots: 0x00007ffd267db3e4 ucrtbase.dll
stack at sp + 6 slots: 0x0000020ae368e160 points into unknown readable memory: 0x0000020a820f8ba0 | a0 8b 0f 82 0a 02 00 00
stack at sp + 7 slots: 0x00007ffce0c6232c jvm.dll

StubRoutines::get_previous_fp [0x0000020aebe21125, 0x0000020aebe21132[ (13 bytes)
---------------  P R O C E S S  ---------------

Threads class SMR info:
_java_thread_list=0x0000020aff676b40, length=11, elements={
0x0000020ae368d800, 0x0000020afeb83000, 0x0000020afeb8c800, 0x0000020afeba0000,
0x0000020afeba1000, 0x0000020afeba3800, 0x0000020afeba7000, 0x0000020afebac000,
0x0000020afebb1000, 0x0000020afeb26000, 0x0000020aff688000
}

Java Threads: ( => current thread )
=>0x0000020ae368d800 JavaThread "main" [_thread_in_vm, id=1412, stack(0x00000016abe00000,0x00000016abf00000)]
  0x0000020afeb83000 JavaThread "Reference Handler" daemon [_thread_blocked, id=12068, stack(0x00000016ac500000,0x00000016ac600000)]
  0x0000020afeb8c800 JavaThread "Finalizer" daemon [_thread_blocked, id=11996, stack(0x00000016ac600000,0x00000016ac700000)]
  0x0000020afeba0000 JavaThread "Signal Dispatcher" daemon [_thread_blocked, id=12652, stack(0x00000016ac700000,0x00000016ac800000)]
  0x0000020afeba1000 JavaThread "Attach Listener" daemon [_thread_blocked, id=9628, stack(0x00000016ac800000,0x00000016ac900000)]
  0x0000020afeba3800 JavaThread "Service Thread" daemon [_thread_blocked, id=10936, stack(0x00000016ac900000,0x00000016aca00000)]
  0x0000020afeba7000 JavaThread "C2 CompilerThread0" daemon [_thread_blocked, id=11680, stack(0x00000016aca00000,0x00000016acb00000)]
  0x0000020afebac000 JavaThread "C1 CompilerThread0" daemon [_thread_blocked, id=11484, stack(0x00000016acb00000,0x00000016acc00000)]
  0x0000020afebb1000 JavaThread "Sweeper thread" daemon [_thread_blocked, id=11252, stack(0x00000016acc00000,0x00000016acd00000)]
  0x0000020afeb26000 JavaThread "Common-Cleaner" daemon [_thread_blocked, id=2212, stack(0x00000016acd00000,0x00000016ace00000)]
  0x0000020aff688000 JavaThread "C2 CompilerThread1" daemon [_thread_blocked, id=8512, stack(0x00000016ace00000,0x00000016acf00000)]

Other Threads:
  0x0000020afeb81800 VMThread "VM Thread" [stack: 0x00000016ac400000,0x00000016ac500000] [id=1148]
  0x0000020ae36a6000 GCTaskThread "GC Thread#0" [stack: 0x00000016abf00000,0x00000016ac000000] [id=2176]
  0x0000020ae36cb800 ConcurrentGCThread "G1 Main Marker" [stack: 0x00000016ac000000,0x00000016ac100000] [id=10836]
  0x0000020ae36cf000 ConcurrentGCThread "G1 Conc#0" [stack: 0x00000016ac100000,0x00000016ac200000] [id=11988]
  0x0000020ae3742000 ConcurrentGCThread "G1 Refine#0" [stack: 0x00000016ac200000,0x00000016ac300000] [id=11948]
  0x0000020ae3743000 ConcurrentGCThread "G1 Young RemSet Sampling" [stack: 0x00000016ac300000,0x00000016ac400000] [id=7488]

Threads with active compile tasks:

VM state:not at safepoint (normal execution)

VM Mutex/Monitor currently owned by a thread: None

Heap address: 0x00000000a1200000, size: 1518 MB, Compressed Oops mode: 32-bit
Narrow klass base: 0x0000000000000000, Narrow klass shift: 3
Compressed class space size: 1073741824 Address: 0x0000000100000000

Heap:
 garbage-first heap   total 98304K, used 2048K [0x00000000a1200000, 0x0000000100000000)
  region size 1024K, 3 young (3072K), 0 survivors (0K)
 Metaspace       used 6701K, capacity 6850K, committed 7168K, reserved 1056768K
  class space    used 582K, capacity 643K, committed 768K, reserved 1048576K
Heap Regions: E=young(eden), S=young(survivor), O=old, HS=humongous(starts), HC=humongous(continues), CS=collection set, F=free, A=archive, TAMS=top-at-mark-start (previous, next)
|   0|0x00000000a1200000, 0x00000000a1200000, 0x00000000a1300000|  0%| F|  |TAMS 0x00000000a1200000, 0x00000000a1200000| Untracked 
|   1|0x00000000a1300000, 0x00000000a1300000, 0x00000000a1400000|  0%| F|  |TAMS 0x00000000a1300000, 0x00000000a1300000| Untracked 
|   2|0x00000000a1400000, 0x00000000a1400000, 0x00000000a1500000|  0%| F|  |TAMS 0x00000000a1400000, 0x00000000a1400000| Untracked 
|   3|0x00000000a1500000, 0x00000000a1500000, 0x00000000a1600000|  0%| F|  |TAMS 0x00000000a1500000, 0x00000000a1500000| Untracked 
|   4|0x00000000a1600000, 0x00000000a1600000, 0x00000000a1700000|  0%| F|  |TAMS 0x00000000a1600000, 0x00000000a1600000| Untracked 
|   5|0x00000000a1700000, 0x00000000a1700000, 0x00000000a1800000|  0%| F|  |TAMS 0x00000000a1700000, 0x00000000a1700000| Untracked 
|   6|0x00000000a1800000, 0x00000000a1800000, 0x00000000a1900000|  0%| F|  |TAMS 0x00000000a1800000, 0x00000000a1800000| Untracked 
|   7|0x00000000a1900000, 0x00000000a1900000, 0x00000000a1a00000|  0%| F|  |TAMS 0x00000000a1900000, 0x00000000a1900000| Untracked 
|   8|0x00000000a1a00000, 0x00000000a1a00000, 0x00000000a1b00000|  0%| F|  |TAMS 0x00000000a1a00000, 0x00000000a1a00000| Untracked 
|   9|0x00000000a1b00000, 0x00000000a1b00000, 0x00000000a1c00000|  0%| F|  |TAMS 0x00000000a1b00000, 0x00000000a1b00000| Untracked 
|  10|0x00000000a1c00000, 0x00000000a1c00000, 0x00000000a1d00000|  0%| F|  |TAMS 0x00000000a1c00000, 0x00000000a1c00000| Untracked 
|  11|0x00000000a1d00000, 0x00000000a1d00000, 0x00000000a1e00000|  0%| F|  |TAMS 0x00000000a1d00000, 0x00000000a1d00000| Untracked 
|  12|0x00000000a1e00000, 0x00000000a1e00000, 0x00000000a1f00000|  0%| F|  |TAMS 0x00000000a1e00000, 0x00000000a1e00000| Untracked 
|  13|0x00000000a1f00000, 0x00000000a1f00000, 0x00000000a2000000|  0%| F|  |TAMS 0x00000000a1f00000, 0x00000000a1f00000| Untracked 
|  14|0x00000000a2000000, 0x00000000a2000000, 0x00000000a2100000|  0%| F|  |TAMS 0x00000000a2000000, 0x00000000a2000000| Untracked 
|  15|0x00000000a2100000, 0x00000000a2100000, 0x00000000a2200000|  0%| F|  |TAMS 0x00000000a2100000, 0x00000000a2100000| Untracked 
|  16|0x00000000a2200000, 0x00000000a2200000, 0x00000000a2300000|  0%| F|  |TAMS 0x00000000a2200000, 0x00000000a2200000| Untracked 
|  17|0x00000000a2300000, 0x00000000a2300000, 0x00000000a2400000|  0%| F|  |TAMS 0x00000000a2300000, 0x00000000a2300000| Untracked 
|  18|0x00000000a2400000, 0x00000000a2400000, 0x00000000a2500000|  0%| F|  |TAMS 0x00000000a2400000, 0x00000000a2400000| Untracked 
|  19|0x00000000a2500000, 0x00000000a2500000, 0x00000000a2600000|  0%| F|  |TAMS 0x00000000a2500000, 0x00000000a2500000| Untracked 
|  20|0x00000000a2600000, 0x00000000a2600000, 0x00000000a2700000|  0%| F|  |TAMS 0x00000000a2600000, 0x00000000a2600000| Untracked 
|  21|0x00000000a2700000, 0x00000000a2700000, 0x00000000a2800000|  0%| F|  |TAMS 0x00000000a2700000, 0x00000000a2700000| Untracked 
|  22|0x00000000a2800000, 0x00000000a2800000, 0x00000000a2900000|  0%| F|  |TAMS 0x00000000a2800000, 0x00000000a2800000| Untracked 
|  23|0x00000000a2900000, 0x00000000a2900000, 0x00000000a2a00000|  0%| F|  |TAMS 0x00000000a2900000, 0x00000000a2900000| Untracked 
|  24|0x00000000a2a00000, 0x00000000a2a00000, 0x00000000a2b00000|  0%| F|  |TAMS 0x00000000a2a00000, 0x00000000a2a00000| Untracked 
|  25|0x00000000a2b00000, 0x00000000a2b00000, 0x00000000a2c00000|  0%| F|  |TAMS 0x00000000a2b00000, 0x00000000a2b00000| Untracked 
|  26|0x00000000a2c00000, 0x00000000a2c00000, 0x00000000a2d00000|  0%| F|  |TAMS 0x00000000a2c00000, 0x00000000a2c00000| Untracked 
|  27|0x00000000a2d00000, 0x00000000a2d00000, 0x00000000a2e00000|  0%| F|  |TAMS 0x00000000a2d00000, 0x00000000a2d00000| Untracked 
|  28|0x00000000a2e00000, 0x00000000a2e00000, 0x00000000a2f00000|  0%| F|  |TAMS 0x00000000a2e00000, 0x00000000a2e00000| Untracked 
|  29|0x00000000a2f00000, 0x00000000a2f00000, 0x00000000a3000000|  0%| F|  |TAMS 0x00000000a2f00000, 0x00000000a2f00000| Untracked 
|  30|0x00000000a3000000, 0x00000000a3000000, 0x00000000a3100000|  0%| F|  |TAMS 0x00000000a3000000, 0x00000000a3000000| Untracked 
|  31|0x00000000a3100000, 0x00000000a3100000, 0x00000000a3200000|  0%| F|  |TAMS 0x00000000a3100000, 0x00000000a3100000| Untracked 
|  32|0x00000000a3200000, 0x00000000a3200000, 0x00000000a3300000|  0%| F|  |TAMS 0x00000000a3200000, 0x00000000a3200000| Untracked 
|  33|0x00000000a3300000, 0x00000000a3300000, 0x00000000a3400000|  0%| F|  |TAMS 0x00000000a3300000, 0x00000000a3300000| Untracked 
|  34|0x00000000a3400000, 0x00000000a3400000, 0x00000000a3500000|  0%| F|  |TAMS 0x00000000a3400000, 0x00000000a3400000| Untracked 
|  35|0x00000000a3500000, 0x00000000a3500000, 0x00000000a3600000|  0%| F|  |TAMS 0x00000000a3500000, 0x00000000a3500000| Untracked 
|  36|0x00000000a3600000, 0x00000000a3600000, 0x00000000a3700000|  0%| F|  |TAMS 0x00000000a3600000, 0x00000000a3600000| Untracked 
|  37|0x00000000a3700000, 0x00000000a3700000, 0x00000000a3800000|  0%| F|  |TAMS 0x00000000a3700000, 0x00000000a3700000| Untracked 
|  38|0x00000000a3800000, 0x00000000a3800000, 0x00000000a3900000|  0%| F|  |TAMS 0x00000000a3800000, 0x00000000a3800000| Untracked 
|  39|0x00000000a3900000, 0x00000000a3900000, 0x00000000a3a00000|  0%| F|  |TAMS 0x00000000a3900000, 0x00000000a3900000| Untracked 
|  40|0x00000000a3a00000, 0x00000000a3a00000, 0x00000000a3b00000|  0%| F|  |TAMS 0x00000000a3a00000, 0x00000000a3a00000| Untracked 
|  41|0x00000000a3b00000, 0x00000000a3b00000, 0x00000000a3c00000|  0%| F|  |TAMS 0x00000000a3b00000, 0x00000000a3b00000| Untracked 
|  42|0x00000000a3c00000, 0x00000000a3c00000, 0x00000000a3d00000|  0%| F|  |TAMS 0x00000000a3c00000, 0x00000000a3c00000| Untracked 
|  43|0x00000000a3d00000, 0x00000000a3d00000, 0x00000000a3e00000|  0%| F|  |TAMS 0x00000000a3d00000, 0x00000000a3d00000| Untracked 
|  44|0x00000000a3e00000, 0x00000000a3e00000, 0x00000000a3f00000|  0%| F|  |TAMS 0x00000000a3e00000, 0x00000000a3e00000| Untracked 
|  45|0x00000000a3f00000, 0x00000000a3f00000, 0x00000000a4000000|  0%| F|  |TAMS 0x00000000a3f00000, 0x00000000a3f00000| Untracked 
|  46|0x00000000a4000000, 0x00000000a4000000, 0x00000000a4100000|  0%| F|  |TAMS 0x00000000a4000000, 0x00000000a4000000| Untracked 
|  47|0x00000000a4100000, 0x00000000a4100000, 0x00000000a4200000|  0%| F|  |TAMS 0x00000000a4100000, 0x00000000a4100000| Untracked 
|  48|0x00000000a4200000, 0x00000000a4200000, 0x00000000a4300000|  0%| F|  |TAMS 0x00000000a4200000, 0x00000000a4200000| Untracked 
|  49|0x00000000a4300000, 0x00000000a4300000, 0x00000000a4400000|  0%| F|  |TAMS 0x00000000a4300000, 0x00000000a4300000| Untracked 
|  50|0x00000000a4400000, 0x00000000a4400000, 0x00000000a4500000|  0%| F|  |TAMS 0x00000000a4400000, 0x00000000a4400000| Untracked 
|  51|0x00000000a4500000, 0x00000000a4500000, 0x00000000a4600000|  0%| F|  |TAMS 0x00000000a4500000, 0x00000000a4500000| Untracked 
|  52|0x00000000a4600000, 0x00000000a4600000, 0x00000000a4700000|  0%| F|  |TAMS 0x00000000a4600000, 0x00000000a4600000| Untracked 
|  53|0x00000000a4700000, 0x00000000a4700000, 0x00000000a4800000|  0%| F|  |TAMS 0x00000000a4700000, 0x00000000a4700000| Untracked 
|  54|0x00000000a4800000, 0x00000000a4800000, 0x00000000a4900000|  0%| F|  |TAMS 0x00000000a4800000, 0x00000000a4800000| Untracked 
|  55|0x00000000a4900000, 0x00000000a4900000, 0x00000000a4a00000|  0%| F|  |TAMS 0x00000000a4900000, 0x00000000a4900000| Untracked 
|  56|0x00000000a4a00000, 0x00000000a4a00000, 0x00000000a4b00000|  0%| F|  |TAMS 0x00000000a4a00000, 0x00000000a4a00000| Untracked 
|  57|0x00000000a4b00000, 0x00000000a4b00000, 0x00000000a4c00000|  0%| F|  |TAMS 0x00000000a4b00000, 0x00000000a4b00000| Untracked 
|  58|0x00000000a4c00000, 0x00000000a4c00000, 0x00000000a4d00000|  0%| F|  |TAMS 0x00000000a4c00000, 0x00000000a4c00000| Untracked 
|  59|0x00000000a4d00000, 0x00000000a4d00000, 0x00000000a4e00000|  0%| F|  |TAMS 0x00000000a4d00000, 0x00000000a4d00000| Untracked 
|  60|0x00000000a4e00000, 0x00000000a4e00000, 0x00000000a4f00000|  0%| F|  |TAMS 0x00000000a4e00000, 0x00000000a4e00000| Untracked 
|  61|0x00000000a4f00000, 0x00000000a4f00000, 0x00000000a5000000|  0%| F|  |TAMS 0x00000000a4f00000, 0x00000000a4f00000| Untracked 
|  62|0x00000000a5000000, 0x00000000a5000000, 0x00000000a5100000|  0%| F|  |TAMS 0x00000000a5000000, 0x00000000a5000000| Untracked 
|  63|0x00000000a5100000, 0x00000000a5100000, 0x00000000a5200000|  0%| F|  |TAMS 0x00000000a5100000, 0x00000000a5100000| Untracked 
|  64|0x00000000a5200000, 0x00000000a5200000, 0x00000000a5300000|  0%| F|  |TAMS 0x00000000a5200000, 0x00000000a5200000| Untracked 
|  65|0x00000000a5300000, 0x00000000a5300000, 0x00000000a5400000|  0%| F|  |TAMS 0x00000000a5300000, 0x00000000a5300000| Untracked 
|  66|0x00000000a5400000, 0x00000000a5400000, 0x00000000a5500000|  0%| F|  |TAMS 0x00000000a5400000, 0x00000000a5400000| Untracked 
|  67|0x00000000a5500000, 0x00000000a5500000, 0x00000000a5600000|  0%| F|  |TAMS 0x00000000a5500000, 0x00000000a5500000| Untracked 
|  68|0x00000000a5600000, 0x00000000a5600000, 0x00000000a5700000|  0%| F|  |TAMS 0x00000000a5600000, 0x00000000a5600000| Untracked 
|  69|0x00000000a5700000, 0x00000000a5700000, 0x00000000a5800000|  0%| F|  |TAMS 0x00000000a5700000, 0x00000000a5700000| Untracked 
|  70|0x00000000a5800000, 0x00000000a5800000, 0x00000000a5900000|  0%| F|  |TAMS 0x00000000a5800000, 0x00000000a5800000| Untracked 
|  71|0x00000000a5900000, 0x00000000a5900000, 0x00000000a5a00000|  0%| F|  |TAMS 0x00000000a5900000, 0x00000000a5900000| Untracked 
|  72|0x00000000a5a00000, 0x00000000a5a00000, 0x00000000a5b00000|  0%| F|  |TAMS 0x00000000a5a00000, 0x00000000a5a00000| Untracked 
|  73|0x00000000a5b00000, 0x00000000a5b00000, 0x00000000a5c00000|  0%| F|  |TAMS 0x00000000a5b00000, 0x00000000a5b00000| Untracked 
|  74|0x00000000a5c00000, 0x00000000a5c00000, 0x00000000a5d00000|  0%| F|  |TAMS 0x00000000a5c00000, 0x00000000a5c00000| Untracked 
|  75|0x00000000a5d00000, 0x00000000a5d00000, 0x00000000a5e00000|  0%| F|  |TAMS 0x00000000a5d00000, 0x00000000a5d00000| Untracked 
|  76|0x00000000a5e00000, 0x00000000a5e00000, 0x00000000a5f00000|  0%| F|  |TAMS 0x00000000a5e00000, 0x00000000a5e00000| Untracked 
|  77|0x00000000a5f00000, 0x00000000a5f00000, 0x00000000a6000000|  0%| F|  |TAMS 0x00000000a5f00000, 0x00000000a5f00000| Untracked 
|  78|0x00000000a6000000, 0x00000000a6000000, 0x00000000a6100000|  0%| F|  |TAMS 0x00000000a6000000, 0x00000000a6000000| Untracked 
|  79|0x00000000a6100000, 0x00000000a6100000, 0x00000000a6200000|  0%| F|  |TAMS 0x00000000a6100000, 0x00000000a6100000| Untracked 
|  80|0x00000000a6200000, 0x00000000a6200000, 0x00000000a6300000|  0%| F|  |TAMS 0x00000000a6200000, 0x00000000a6200000| Untracked 
|  81|0x00000000a6300000, 0x00000000a6300000, 0x00000000a6400000|  0%| F|  |TAMS 0x00000000a6300000, 0x00000000a6300000| Untracked 
|  82|0x00000000a6400000, 0x00000000a6400000, 0x00000000a6500000|  0%| F|  |TAMS 0x00000000a6400000, 0x00000000a6400000| Untracked 
|  83|0x00000000a6500000, 0x00000000a6500000, 0x00000000a6600000|  0%| F|  |TAMS 0x00000000a6500000, 0x00000000a6500000| Untracked 
|  84|0x00000000a6600000, 0x00000000a6600000, 0x00000000a6700000|  0%| F|  |TAMS 0x00000000a6600000, 0x00000000a6600000| Untracked 
|  85|0x00000000a6700000, 0x00000000a6700000, 0x00000000a6800000|  0%| F|  |TAMS 0x00000000a6700000, 0x00000000a6700000| Untracked 
|  86|0x00000000a6800000, 0x00000000a6800000, 0x00000000a6900000|  0%| F|  |TAMS 0x00000000a6800000, 0x00000000a6800000| Untracked 
|  87|0x00000000a6900000, 0x00000000a6900000, 0x00000000a6a00000|  0%| F|  |TAMS 0x00000000a6900000, 0x00000000a6900000| Untracked 
|  88|0x00000000a6a00000, 0x00000000a6a00000, 0x00000000a6b00000|  0%| F|  |TAMS 0x00000000a6a00000, 0x00000000a6a00000| Untracked 
|  89|0x00000000a6b00000, 0x00000000a6b00000, 0x00000000a6c00000|  0%| F|  |TAMS 0x00000000a6b00000, 0x00000000a6b00000| Untracked 
|  90|0x00000000a6c00000, 0x00000000a6c00000, 0x00000000a6d00000|  0%| F|  |TAMS 0x00000000a6c00000, 0x00000000a6c00000| Untracked 
|  91|0x00000000a6d00000, 0x00000000a6d00000, 0x00000000a6e00000|  0%| F|  |TAMS 0x00000000a6d00000, 0x00000000a6d00000| Untracked 
|  92|0x00000000a6e00000, 0x00000000a6e00000, 0x00000000a6f00000|  0%| F|  |TAMS 0x00000000a6e00000, 0x00000000a6e00000| Untracked 
|  93|0x00000000a6f00000, 0x00000000a6fd79b0, 0x00000000a7000000| 84%| E|  |TAMS 0x00000000a6f00000, 0x00000000a6f00000| Complete 
|  94|0x00000000a7000000, 0x00000000a7100000, 0x00000000a7100000|100%| E|CS|TAMS 0x00000000a7000000, 0x00000000a7000000| Complete 
|  95|0x00000000a7100000, 0x00000000a7200000, 0x00000000a7200000|100%| E|CS|TAMS 0x00000000a7100000, 0x00000000a7100000| Complete 

Card table byte_map: [0x0000020afb120000,0x0000020afb420000] _byte_map_base: 0x0000020afac17000

Marking Bits (Prev, Next): (CMBitMap*) 0x0000020ae36c4918, (CMBitMap*) 0x0000020ae36c4950
 Prev Bits: [0x0000020afb720000, 0x0000020afced8000)
 Next Bits: [0x0000020afcee0000, 0x0000020afe698000)

Polling page: 0x0000020ae2e60000

Metaspace:

Usage:
  Non-class:      6.06 MB capacity,     5.98 MB ( 99%) used,    83.12 KB (  1%) free+waste,     4.50 KB ( <1%) overhead. 
      Class:    643.00 KB capacity,   582.12 KB ( 91%) used,    58.70 KB (  9%) free+waste,     2.19 KB ( <1%) overhead. 
       Both:      6.69 MB capacity,     6.54 MB ( 98%) used,   141.82 KB (  2%) free+waste,     6.69 KB ( <1%) overhead. 

Virtual space:
  Non-class space:        8.00 MB reserved,       6.25 MB ( 78%) committed 
      Class space:        1.00 GB reserved,     768.00 KB ( <1%) committed 
             Both:        1.01 GB reserved,       7.00 MB ( <1%) committed 

Chunk freelists:
   Non-Class:  1.00 KB
       Class:  29.00 KB
        Both:  30.00 KB

MaxMetaspaceSize: 17179869184.00 GB
CompressedClassSpaceSize: 1.00 GB
Initial GC threshold: 20.80 MB
Current GC threshold: 20.80 MB
CDS: off

CodeHeap 'non-profiled nmethods': size=120064Kb used=102Kb max_used=102Kb free=119961Kb
 bounds [0x0000020af38e0000, 0x0000020af3b50000, 0x0000020afae20000]
CodeHeap 'profiled nmethods': size=120000Kb used=365Kb max_used=365Kb free=119634Kb
 bounds [0x0000020aec3b0000, 0x0000020aec620000, 0x0000020af38e0000]
CodeHeap 'non-nmethods': size=5696Kb used=1098Kb max_used=1120Kb free=4597Kb
 bounds [0x0000020aebe20000, 0x0000020aec090000, 0x0000020aec3b0000]
 total_blobs=661 nmethods=318 adapters=256
 compilation: enabled
              stopped_count=0, restarted_count=0
 full_count=0

Compilation events (20 events):
Event: 0.620 Thread 0x0000020afebac000  305       3       java.lang.invoke.MethodType$ConcurrentWeakInternSet$WeakEntry::<init> (14 bytes)
Event: 0.621 Thread 0x0000020afebac000 nmethod 305 0x0000020aec408410 code [0x0000020aec408600, 0x0000020aec408a28]
Event: 0.621 Thread 0x0000020afebac000  310       3       java.util.jar.JarFile::getJarEntry (9 bytes)
Event: 0.621 Thread 0x0000020afebac000 nmethod 310 0x0000020aec408b90 code [0x0000020aec408dc0, 0x0000020aec409548]
Event: 0.628 Thread 0x0000020afebac000  311       3       java.lang.StringUTF16::compress (59 bytes)
Event: 0.628 Thread 0x0000020afebac000 nmethod 311 0x0000020aec409790 code [0x0000020aec409960, 0x0000020aec409ca8]
Event: 0.628 Thread 0x0000020afebac000  312       3       sun.nio.cs.SingleByte$Encoder::encode (32 bytes)
Event: 0.629 Thread 0x0000020afebac000 nmethod 312 0x0000020aec409e90 code [0x0000020aec40a040, 0x0000020aec40a1f8]
Event: 0.629 Thread 0x0000020afebac000  313       3       java.util.Collections$UnmodifiableCollection$1::next (10 bytes)
Event: 0.629 Thread 0x0000020afebac000 nmethod 313 0x0000020aec40a310 code [0x0000020aec40a4c0, 0x0000020aec40a688]
Event: 0.629 Thread 0x0000020afebac000  314       1       java.nio.Buffer::position (5 bytes)
Event: 0.629 Thread 0x0000020afebac000 nmethod 314 0x0000020af38f9510 code [0x0000020af38f96c0, 0x0000020af38f9778]
Event: 0.630 Thread 0x0000020afebac000  315       1       java.nio.Buffer::limit (5 bytes)
Event: 0.630 Thread 0x0000020afebac000 nmethod 315 0x0000020af38f9810 code [0x0000020af38f99c0, 0x0000020af38f9a78]
Event: 0.632 Thread 0x0000020afebac000  316       3       java.nio.Buffer::position (52 bytes)
Event: 0.633 Thread 0x0000020afebac000 nmethod 316 0x0000020aec40a790 code [0x0000020aec40a960, 0x0000020aec40abc8]
Event: 0.633 Thread 0x0000020afebac000  317       3       java.nio.ByteBuffer::arrayOffset (35 bytes)
Event: 0.633 Thread 0x0000020afebac000 nmethod 317 0x0000020aec40ac90 code [0x0000020aec40ae60, 0x0000020aec40b0d8]
Event: 0.634 Thread 0x0000020afebac000  318       3       java.nio.CharBuffer::arrayOffset (35 bytes)
Event: 0.634 Thread 0x0000020afebac000 nmethod 318 0x0000020aec40b210 code [0x0000020aec40b3e0, 0x0000020aec40b658]

GC Heap History (0 events):
No events

Deoptimization events (20 events):
Event: 0.296 Thread 0x0000020ae368d800 DEOPT PACKING pc=0x0000020af38e8c28 sp=0x00000016abefeb20
Event: 0.297 Thread 0x0000020ae368d800 DEOPT UNPACKING pc=0x0000020aebe6a1af sp=0x00000016abefeaa8 mode 2
Event: 0.337 Thread 0x0000020ae368d800 Uncommon trap: trap_request=0xffffffde fr.pc=0x0000020af38ed848 relative=0x0000000000000ac8
Event: 0.337 Thread 0x0000020ae368d800 Uncommon trap: reason=class_check action=maybe_recompile pc=0x0000020af38ed848 method=java.util.HashMap.putVal(ILjava/lang/Object;Ljava/lang/Object;ZZ)Ljava/lang/Object; @ 152 c2
Event: 0.337 Thread 0x0000020ae368d800 DEOPT PACKING pc=0x0000020af38ed848 sp=0x00000016abef6970
Event: 0.337 Thread 0x0000020ae368d800 DEOPT UNPACKING pc=0x0000020aebe6a1af sp=0x00000016abef68f0 mode 2
Event: 0.368 Thread 0x0000020ae368d800 Uncommon trap: trap_request=0xffffffde fr.pc=0x0000020af38ed848 relative=0x0000000000000ac8
Event: 0.368 Thread 0x0000020ae368d800 Uncommon trap: reason=class_check action=maybe_recompile pc=0x0000020af38ed848 method=java.util.HashMap.putVal(ILjava/lang/Object;Ljava/lang/Object;ZZ)Ljava/lang/Object; @ 152 c2
Event: 0.368 Thread 0x0000020ae368d800 DEOPT PACKING pc=0x0000020af38ed848 sp=0x00000016abefcbe0
Event: 0.368 Thread 0x0000020ae368d800 DEOPT UNPACKING pc=0x0000020aebe6a1af sp=0x00000016abefcb60 mode 2
Event: 0.426 Thread 0x0000020ae368d800 Uncommon trap: trap_request=0xffffffde fr.pc=0x0000020af38ed848 relative=0x0000000000000ac8
Event: 0.426 Thread 0x0000020ae368d800 Uncommon trap: reason=class_check action=maybe_recompile pc=0x0000020af38ed848 method=java.util.HashMap.putVal(ILjava/lang/Object;Ljava/lang/Object;ZZ)Ljava/lang/Object; @ 152 c2
Event: 0.426 Thread 0x0000020ae368d800 DEOPT PACKING pc=0x0000020af38ed848 sp=0x00000016abefaee0
Event: 0.426 Thread 0x0000020ae368d800 DEOPT UNPACKING pc=0x0000020aebe6a1af sp=0x00000016abefae60 mode 2
Event: 0.427 Thread 0x0000020ae368d800 Uncommon trap: trap_request=0xffffffde fr.pc=0x0000020af38ed848 relative=0x0000000000000ac8
Event: 0.427 Thread 0x0000020ae368d800 Uncommon trap: reason=class_check action=maybe_recompile pc=0x0000020af38ed848 method=java.util.HashMap.putVal(ILjava/lang/Object;Ljava/lang/Object;ZZ)Ljava/lang/Object; @ 152 c2
Event: 0.427 Thread 0x0000020ae368d800 DEOPT PACKING pc=0x0000020af38ed848 sp=0x00000016abefaee0
Event: 0.427 Thread 0x0000020ae368d800 DEOPT UNPACKING pc=0x0000020aebe6a1af sp=0x00000016abefae60 mode 2
Event: 0.451 Thread 0x0000020ae368d800 DEOPT PACKING pc=0x0000020aec3e663b sp=0x00000016abefae60
Event: 0.451 Thread 0x0000020ae368d800 DEOPT UNPACKING pc=0x0000020aebe6a95e sp=0x00000016abefa330 mode 0

Classes redefined (0 events):
No events

Internal exceptions (2 events):
Event: 0.627 Thread 0x0000020ae368d800 Exception <a 'java/io/FileNotFoundException'{0x00000000a6fc33f0}> (0x00000000a6fc33f0) thrown at [s\src\hotspot\share\prims\jni.cpp, line 617]
Event: 0.631 Thread 0x0000020ae368d800 Exception <a 'java/lang/reflect/InvocationTargetException'{0x00000000a6fc9600}> (0x00000000a6fc9600) thrown at [s\src\hotspot\share\runtime\reflection.cpp, line 1245]

Events (20 events):
Event: 0.618 loading class org/jacoco/agent/rt/internal_43f5073/Agent$2
Event: 0.618 loading class org/jacoco/agent/rt/internal_43f5073/Agent$2 done
Event: 0.620 loading class java/lang/NoSuchFieldError
Event: 0.620 loading class java/lang/IncompatibleClassChangeError
Event: 0.620 loading class java/lang/IncompatibleClassChangeError done
Event: 0.620 loading class java/lang/NoSuchFieldError done
Event: 0.620 loading class org/jacoco/agent/rt/internal_43f5073/output/FileOutput
Event: 0.620 loading class org/jacoco/agent/rt/internal_43f5073/output/FileOutput done
Event: 0.627 loading class java/io/FileNotFoundException
Event: 0.627 loading class java/io/FileNotFoundException done
Event: 0.627 Executing VM operation: Deoptimize
Event: 0.627 Executing VM operation: Deoptimize done
Event: 0.627 loading class java/lang/Throwable$WrappedPrintStream
Event: 0.627 loading class java/lang/Throwable$PrintStreamOrWriter
Event: 0.627 loading class java/lang/Throwable$PrintStreamOrWriter done
Event: 0.627 loading class java/lang/Throwable$WrappedPrintStream done
Event: 0.628 loading class java/lang/StackTraceElement$HashedModules
Event: 0.628 loading class java/lang/StackTraceElement$HashedModules done
Event: 0.631 loading class java/lang/reflect/InvocationTargetException
Event: 0.631 loading class java/lang/reflect/InvocationTargetException done


Dynamic libraries:
0x00007ff6941f0000 - 0x00007ff6941fe000 	C:\Users\Юлия\.jdks\corretto-11.0.22\bin\java.exe
0x00007ffd29110000 - 0x00007ffd29308000 	C:\WINDOWS\SYSTEM32\ntdll.dll
0x00007ffd21770000 - 0x00007ffd21789000 	C:\Program Files\Avast Software\Avast\aswhook.dll
0x00007ffd27140000 - 0x00007ffd271fd000 	C:\WINDOWS\System32\KERNEL32.DLL
0x00007ffd26b40000 - 0x00007ffd26e36000 	C:\WINDOWS\System32\KERNELBASE.dll
0x00007ffd267c0000 - 0x00007ffd268c0000 	C:\WINDOWS\System32\ucrtbase.dll
0x00007ffd136b0000 - 0x00007ffd136cb000 	C:\Users\Юлия\.jdks\corretto-11.0.22\bin\VCRUNTIME140.dll
0x00007ffd1f260000 - 0x00007ffd1f277000 	C:\Users\Юлия\.jdks\corretto-11.0.22\bin\jli.dll
0x00007ffd27200000 - 0x00007ffd2739e000 	C:\WINDOWS\System32\USER32.dll
0x00007ffd268c0000 - 0x00007ffd268e2000 	C:\WINDOWS\System32\win32u.dll
0x00007ffd14690000 - 0x00007ffd1492a000 	C:\WINDOWS\WinSxS\amd64_microsoft.windows.common-controls_6595b64144ccf1df_6.0.19041.3636_none_60b6a03d71f818d5\COMCTL32.dll
0x00007ffd27820000 - 0x00007ffd2784b000 	C:\WINDOWS\System32\GDI32.dll
0x00007ffd27950000 - 0x00007ffd279ee000 	C:\WINDOWS\System32\msvcrt.dll
0x00007ffd26e40000 - 0x00007ffd26f57000 	C:\WINDOWS\System32\gdi32full.dll
0x00007ffd26f60000 - 0x00007ffd26ffd000 	C:\WINDOWS\System32\msvcp_win.dll
0x00007ffd286c0000 - 0x00007ffd286f2000 	C:\WINDOWS\System32\IMM32.DLL
0x00007ffd21300000 - 0x00007ffd2130c000 	C:\Users\Юлия\.jdks\corretto-11.0.22\bin\vcruntime140_1.dll
0x00007ffcfe560000 - 0x00007ffcfe5ed000 	C:\Users\Юлия\.jdks\corretto-11.0.22\bin\msvcp140.dll
0x00007ffce0ba0000 - 0x00007ffce1763000 	C:\Users\Юлия\.jdks\corretto-11.0.22\bin\server\jvm.dll
0x00007ffd273a0000 - 0x00007ffd27450000 	C:\WINDOWS\System32\ADVAPI32.dll
0x00007ffd27850000 - 0x00007ffd278f0000 	C:\WINDOWS\System32\sechost.dll
0x00007ffd275c0000 - 0x00007ffd276e5000 	C:\WINDOWS\System32\RPCRT4.dll
0x00007ffd268f0000 - 0x00007ffd26917000 	C:\WINDOWS\System32\bcrypt.dll
0x00007ffd28240000 - 0x00007ffd28248000 	C:\WINDOWS\System32\PSAPI.DLL
0x00007ffd042c0000 - 0x00007ffd042e7000 	C:\WINDOWS\SYSTEM32\WINMM.dll
0x00007ffd25580000 - 0x00007ffd2558a000 	C:\WINDOWS\SYSTEM32\VERSION.dll
0x00007ffd1a1a0000 - 0x00007ffd1a1a9000 	C:\WINDOWS\SYSTEM32\WSOCK32.dll
0x00007ffd28ea0000 - 0x00007ffd28f0b000 	C:\WINDOWS\System32\WS2_32.dll
0x00007ffd25540000 - 0x00007ffd25552000 	C:\WINDOWS\SYSTEM32\kernel.appcore.dll
0x00007ffd1f250000 - 0x00007ffd1f260000 	C:\Users\Юлия\.jdks\corretto-11.0.22\bin\verify.dll
0x00007ffd1dbf0000 - 0x00007ffd1ddd4000 	C:\WINDOWS\SYSTEM32\DBGHELP.DLL
0x00007ffd1dbb0000 - 0x00007ffd1dbe4000 	C:\WINDOWS\SYSTEM32\dbgcore.DLL
0x00007ffd27000000 - 0x00007ffd27082000 	C:\WINDOWS\System32\bcryptPrimitives.dll
0x00007ffd10bb0000 - 0x00007ffd10bd8000 	C:\Users\Юлия\.jdks\corretto-11.0.22\bin\java.dll
0x00007ffd1e2c0000 - 0x00007ffd1e2ca000 	C:\Users\Юлия\.jdks\corretto-11.0.22\bin\jimage.dll
0x00007ffd1f170000 - 0x00007ffd1f17e000 	C:\Users\Юлия\.jdks\corretto-11.0.22\bin\instrument.dll
0x00007ffd10b90000 - 0x00007ffd10ba8000 	C:\Users\Юлия\.jdks\corretto-11.0.22\bin\zip.dll
0x00007ffd279f0000 - 0x00007ffd2815b000 	C:\WINDOWS\System32\SHELL32.dll
0x00007ffd24690000 - 0x00007ffd24e2e000 	C:\WINDOWS\SYSTEM32\windows.storage.dll
0x00007ffd28970000 - 0x00007ffd28cc3000 	C:\WINDOWS\System32\combase.dll
0x00007ffd261f0000 - 0x00007ffd2621e000 	C:\WINDOWS\SYSTEM32\Wldp.dll
0x00007ffd28810000 - 0x00007ffd288dd000 	C:\WINDOWS\System32\OLEAUT32.dll
0x00007ffd28df0000 - 0x00007ffd28e9d000 	C:\WINDOWS\System32\SHCORE.dll
0x00007ffd278f0000 - 0x00007ffd27945000 	C:\WINDOWS\System32\shlwapi.dll
0x00007ffd266f0000 - 0x00007ffd26715000 	C:\WINDOWS\SYSTEM32\profapi.dll
0x00007ffd10b40000 - 0x00007ffd10b59000 	C:\Users\Юлия\.jdks\corretto-11.0.22\bin\net.dll
0x00007ffd1ee40000 - 0x00007ffd1ef4a000 	C:\WINDOWS\SYSTEM32\WINHTTP.dll
0x00007ffd25f50000 - 0x00007ffd25fba000 	C:\WINDOWS\system32\mswsock.dll
0x00007ffd06d60000 - 0x00007ffd06d72000 	C:\Users\Юлия\.jdks\corretto-11.0.22\bin\nio.dll
0x00007ffcfa3a0000 - 0x00007ffcfa3b7000 	C:\WINDOWS\system32\napinsp.dll
0x00007ffcfa380000 - 0x00007ffcfa39b000 	C:\WINDOWS\system32\pnrpnsp.dll
0x00007ffd21c10000 - 0x00007ffd21c25000 	C:\WINDOWS\system32\wshbth.dll
0x00007ffd20a30000 - 0x00007ffd20a4d000 	C:\WINDOWS\system32\NLAapi.dll
0x00007ffd25bf0000 - 0x00007ffd25c2b000 	C:\WINDOWS\SYSTEM32\IPHLPAPI.DLL
0x00007ffd25c40000 - 0x00007ffd25d0b000 	C:\WINDOWS\SYSTEM32\DNSAPI.dll
0x00007ffd290c0000 - 0x00007ffd290c8000 	C:\WINDOWS\System32\NSI.dll
0x00007ffcfa0e0000 - 0x00007ffcfa0f2000 	C:\WINDOWS\System32\winrnr.dll
0x00007ffd1b1f0000 - 0x00007ffd1b1fa000 	C:\Windows\System32\rasadhlp.dll
0x00007ffd1abf0000 - 0x00007ffd1ac70000 	C:\WINDOWS\System32\fwpuclnt.dll

dbghelp: loaded successfully - version: 4.0.5 - missing functions: none
symbol engine: initialized successfully - sym options: 0x614 - pdb path: .;C:\Users\Юлия\.jdks\corretto-11.0.22\bin;C:\WINDOWS\SYSTEM32;C:\Program Files\Avast Software\Avast;C:\WINDOWS\WinSxS\amd64_microsoft.windows.common-controls_6595b64144ccf1df_6.0.19041.3636_none_60b6a03d71f818d5;C:\Users\Юлия\.jdks\corretto-11.0.22\bin\server

VM Arguments:
jvm_args: -javaagent:C:\\Users\\Юлия\\.m2\\repository\\org\\jacoco\\org.jacoco.agent\\0.8.5\\org.jacoco.agent-0.8.5-runtime.jar=destfile=C:\\Users\\Юлия\\Desktop\\Percents100\\target\\jacoco.exec 
java_command: C:\Users\0E3B~1\AppData\Local\Temp\surefire190783566070969833\surefirebooter5559843864583437264.jar C:\Users\Юлия\AppData\Local\Temp\surefire190783566070969833 2024-03-18T19-46-14_396-jvmRun1 surefire7467241430599506560tmp surefire_04586453565208657644tmp
java_class_path (initial): C:\Users\0E3B~1\AppData\Local\Temp\surefire190783566070969833\surefirebooter5559843864583437264.jar
Launcher Type: SUN_STANDARD

[Global flags]
     intx CICompilerCount                          = 3                                         {product} {ergonomic}
     uint ConcGCThreads                            = 1                                         {product} {ergonomic}
     uint G1ConcRefinementThreads                  = 4                                         {product} {ergonomic}
   size_t G1HeapRegionSize                         = 1048576                                   {product} {ergonomic}
    uintx GCDrainStackTargetSize                   = 64                                        {product} {ergonomic}
   size_t InitialHeapSize                          = 100663296                                 {product} {ergonomic}
   size_t MarkStackSize                            = 4194304                                   {product} {ergonomic}
   size_t MaxHeapSize                              = 1591738368                                {product} {ergonomic}
   size_t MaxNewSize                               = 954204160                                 {product} {ergonomic}
   size_t MinHeapDeltaBytes                        = 1048576                                   {product} {ergonomic}
    uintx NonNMethodCodeHeapSize                   = 5830732                                {pd product} {ergonomic}
    uintx NonProfiledCodeHeapSize                  = 122913754                              {pd product} {ergonomic}
    uintx ProfiledCodeHeapSize                     = 122913754                              {pd product} {ergonomic}
    uintx ReservedCodeCacheSize                    = 251658240                              {pd product} {ergonomic}
     bool SegmentedCodeCache                       = true                                      {product} {ergonomic}
     bool UseCompressedClassPointers               = true                                 {lp64_product} {ergonomic}
     bool UseCompressedOops                        = true                                 {lp64_product} {ergonomic}
     bool UseG1GC                                  = true                                      {product} {ergonomic}
     bool UseLargePagesIndividualAllocation        = false                                  {pd product} {ergonomic}

Logging:
Log output configuration:
 #0: stdout all=warning uptime,level,tags
 #1: stderr all=off uptime,level,tags

Environment Variables:
PATH=C:\Program Files\Eclipse Adoptium\jdk-11.0.21.9-hotspot\bin;C:\Program Files\Broadcom\Broadcom 802.11 Network Adapter;C:\Program Files (x86)\Intel\iCLS Client\;C:\Program Files\Intel\iCLS Client\;C:\Program Files (x86)\NVIDIA Corporation\PhysX\Common;C:\Windows\system32;C:\Windows;C:\Windows\System32\Wbem;C:\Windows\System32\WindowsPowerShell\v1.0\;C:\Program Files (x86)\Acer\abFiles\;C:\Program Files\Intel\Intel(R) Management Engine Components\DAL;C:\Program Files\Intel\Intel(R) Management Engine Components\IPT;C:\Program Files (x86)\Intel\Intel(R) Management Engine Components\DAL;C:\Program Files (x86)\Intel\Intel(R) Management Engine Components\IPT;C:\Program Files\WIDCOMM\Bluetooth Software\;C:\Program Files\WIDCOMM\Bluetooth Software\syswow64;C:\WINDOWS\system32;C:\WINDOWS;C:\WINDOWS\System32\Wbem;C:\WINDOWS\System32\WindowsPowerShell\v1.0\;C:\Program Files (x86)\Skype\Phone\;C:\WINDOWS\System32\OpenSSH\;C:\Program Files (x86)\dotnet\;C:\Program Files\Git\cmd;C:\Users\Юлия\AppData\Local\Microsoft\WindowsApps;;C:\Users\Юлия\AppData\Local\Programs\Microsoft VS Code\bin
USERNAME=Юлия
OS=Windows_NT
PROCESSOR_IDENTIFIER=Intel64 Family 6 Model 69 Stepping 1, GenuineIntel
TMP=C:\Users\0E3B~1\AppData\Local\Temp
TEMP=C:\Users\0E3B~1\AppData\Local\Temp



---------------  S Y S T E M  ---------------

OS: Windows 10 , 64 bit Build 19041 (10.0.19041.3636)
OS uptime: 0 days 21:27 hours

CPU:total 4 (initial active 4) (2 cores per cpu, 2 threads per core) family 6 model 69 stepping 1 microcode 0x25, cmov, cx8, fxsr, mmx, sse, sse2, sse3, ssse3, sse4.1, sse4.2, popcnt, avx, avx2, aes, clmul, erms, lzcnt, ht, tsc, tscinvbit, bmi1, bmi2, fma

Memory: 4k page, system-wide physical 6067M (670M free)
TotalPageFile size 10419M (AvailPageFile size 1839M)
current process WorkingSet (physical memory assigned to process): 40M, peak: 40M
current process commit charge ("private bytes"): 167M, peak: 167M

vm_info: OpenJDK 64-Bit Server VM (11.0.22+7-LTS) for windows-amd64 JRE (11.0.22+7-LTS), built on Jan 10 2024 19:54:00 by "Administrator" with MS VC++ 16.10 / 16.11 (VS2019)

END.
